{"/home/actrox/Documents/andela/my-brand-back-end/build/app.js": {"path":"/home/actrox/Documents/andela/my-brand-back-end/build/app.js","statementMap":{"0":{"start":{"line":2,"column":22},"end":{"line":4,"column":1}},"1":{"start":{"line":3,"column":4},"end":{"line":3,"column":62}},"2":{"start":{"line":5,"column":0},"end":{"line":5,"column":62}},"3":{"start":{"line":6,"column":18},"end":{"line":6,"column":53}},"4":{"start":{"line":7,"column":15},"end":{"line":7,"column":47}},"5":{"start":{"line":8,"column":17},"end":{"line":8,"column":51}},"6":{"start":{"line":9,"column":12},"end":{"line":9,"column":36}},"7":{"start":{"line":12,"column":0},"end":{"line":12,"column":31}},"8":{"start":{"line":13,"column":0},"end":{"line":13,"column":33}},"9":{"start":{"line":14,"column":0},"end":{"line":14,"column":34}},"10":{"start":{"line":15,"column":0},"end":{"line":15,"column":58}},"11":{"start":{"line":16,"column":0},"end":{"line":18,"column":3}},"12":{"start":{"line":17,"column":4},"end":{"line":17,"column":91}},"13":{"start":{"line":19,"column":0},"end":{"line":19,"column":22}}},"fnMap":{"0":{"name":"(anonymous_0)","decl":{"start":{"line":2,"column":56},"end":{"line":2,"column":57}},"loc":{"start":{"line":2,"column":71},"end":{"line":4,"column":1}},"line":2},"1":{"name":"(anonymous_1)","decl":{"start":{"line":16,"column":13},"end":{"line":16,"column":14}},"loc":{"start":{"line":16,"column":27},"end":{"line":18,"column":1}},"line":16}},"branchMap":{"0":{"loc":{"start":{"line":2,"column":22},"end":{"line":4,"column":1}},"type":"binary-expr","locations":[{"start":{"line":2,"column":23},"end":{"line":2,"column":27}},{"start":{"line":2,"column":31},"end":{"line":2,"column":51}},{"start":{"line":2,"column":56},"end":{"line":4,"column":1}}],"line":2},"1":{"loc":{"start":{"line":3,"column":11},"end":{"line":3,"column":61}},"type":"cond-expr","locations":[{"start":{"line":3,"column":37},"end":{"line":3,"column":40}},{"start":{"line":3,"column":43},"end":{"line":3,"column":61}}],"line":3},"2":{"loc":{"start":{"line":3,"column":12},"end":{"line":3,"column":33}},"type":"binary-expr","locations":[{"start":{"line":3,"column":12},"end":{"line":3,"column":15}},{"start":{"line":3,"column":19},"end":{"line":3,"column":33}}],"line":3}},"s":{"0":2,"1":6,"2":2,"3":2,"4":2,"5":2,"6":2,"7":2,"8":2,"9":2,"10":2,"11":2,"12":2,"13":2},"f":{"0":6,"1":2},"b":{"0":[2,2,2],"1":[0,6],"2":[6,6]},"inputSourceMap":null,"_coverageSchema":"1a1c01bbd47fc00a2c39e90264f33305004495a9","hash":"bf6d399372ace3ac776a14c94d8aca51a903ee04"}
,"/home/actrox/Documents/andela/my-brand-back-end/build/database.js": {"path":"/home/actrox/Documents/andela/my-brand-back-end/build/database.js","statementMap":{"0":{"start":{"line":2,"column":16},"end":{"line":10,"column":1}},"1":{"start":{"line":3,"column":28},"end":{"line":3,"column":110}},"2":{"start":{"line":3,"column":91},"end":{"line":3,"column":106}},"3":{"start":{"line":4,"column":4},"end":{"line":9,"column":7}},"4":{"start":{"line":5,"column":36},"end":{"line":5,"column":97}},"5":{"start":{"line":5,"column":42},"end":{"line":5,"column":70}},"6":{"start":{"line":5,"column":85},"end":{"line":5,"column":95}},"7":{"start":{"line":6,"column":35},"end":{"line":6,"column":100}},"8":{"start":{"line":6,"column":41},"end":{"line":6,"column":73}},"9":{"start":{"line":6,"column":88},"end":{"line":6,"column":98}},"10":{"start":{"line":7,"column":32},"end":{"line":7,"column":116}},"11":{"start":{"line":8,"column":8},"end":{"line":8,"column":78}},"12":{"start":{"line":11,"column":22},"end":{"line":13,"column":1}},"13":{"start":{"line":12,"column":4},"end":{"line":12,"column":62}},"14":{"start":{"line":14,"column":0},"end":{"line":14,"column":62}},"15":{"start":{"line":15,"column":19},"end":{"line":15,"column":55}},"16":{"start":{"line":16,"column":17},"end":{"line":16,"column":51}},"17":{"start":{"line":17,"column":0},"end":{"line":17,"column":26}},"18":{"start":{"line":18,"column":18},"end":{"line":28,"column":2}},"19":{"start":{"line":18,"column":24},"end":{"line":28,"column":2}},"20":{"start":{"line":19,"column":4},"end":{"line":27,"column":5}},"21":{"start":{"line":20,"column":8},"end":{"line":20,"column":66}},"22":{"start":{"line":21,"column":8},"end":{"line":21,"column":51}},"23":{"start":{"line":24,"column":8},"end":{"line":26,"column":11}},"24":{"start":{"line":29,"column":0},"end":{"line":29,"column":28}}},"fnMap":{"0":{"name":"(anonymous_0)","decl":{"start":{"line":2,"column":44},"end":{"line":2,"column":45}},"loc":{"start":{"line":2,"column":89},"end":{"line":10,"column":1}},"line":2},"1":{"name":"adopt","decl":{"start":{"line":3,"column":13},"end":{"line":3,"column":18}},"loc":{"start":{"line":3,"column":26},"end":{"line":3,"column":112}},"line":3},"2":{"name":"(anonymous_2)","decl":{"start":{"line":3,"column":70},"end":{"line":3,"column":71}},"loc":{"start":{"line":3,"column":89},"end":{"line":3,"column":108}},"line":3},"3":{"name":"(anonymous_3)","decl":{"start":{"line":4,"column":36},"end":{"line":4,"column":37}},"loc":{"start":{"line":4,"column":63},"end":{"line":9,"column":5}},"line":4},"4":{"name":"fulfilled","decl":{"start":{"line":5,"column":17},"end":{"line":5,"column":26}},"loc":{"start":{"line":5,"column":34},"end":{"line":5,"column":99}},"line":5},"5":{"name":"rejected","decl":{"start":{"line":6,"column":17},"end":{"line":6,"column":25}},"loc":{"start":{"line":6,"column":33},"end":{"line":6,"column":102}},"line":6},"6":{"name":"step","decl":{"start":{"line":7,"column":17},"end":{"line":7,"column":21}},"loc":{"start":{"line":7,"column":30},"end":{"line":7,"column":118}},"line":7},"7":{"name":"(anonymous_7)","decl":{"start":{"line":11,"column":56},"end":{"line":11,"column":57}},"loc":{"start":{"line":11,"column":71},"end":{"line":13,"column":1}},"line":11},"8":{"name":"(anonymous_8)","decl":{"start":{"line":18,"column":18},"end":{"line":18,"column":19}},"loc":{"start":{"line":18,"column":24},"end":{"line":28,"column":2}},"line":18},"9":{"name":"(anonymous_9)","decl":{"start":{"line":18,"column":58},"end":{"line":18,"column":59}},"loc":{"start":{"line":18,"column":71},"end":{"line":28,"column":1}},"line":18}},"branchMap":{"0":{"loc":{"start":{"line":2,"column":16},"end":{"line":10,"column":1}},"type":"binary-expr","locations":[{"start":{"line":2,"column":17},"end":{"line":2,"column":21}},{"start":{"line":2,"column":25},"end":{"line":2,"column":39}},{"start":{"line":2,"column":44},"end":{"line":10,"column":1}}],"line":2},"1":{"loc":{"start":{"line":3,"column":35},"end":{"line":3,"column":109}},"type":"cond-expr","locations":[{"start":{"line":3,"column":56},"end":{"line":3,"column":61}},{"start":{"line":3,"column":64},"end":{"line":3,"column":109}}],"line":3},"2":{"loc":{"start":{"line":4,"column":16},"end":{"line":4,"column":34}},"type":"binary-expr","locations":[{"start":{"line":4,"column":16},"end":{"line":4,"column":17}},{"start":{"line":4,"column":22},"end":{"line":4,"column":33}}],"line":4},"3":{"loc":{"start":{"line":7,"column":32},"end":{"line":7,"column":115}},"type":"cond-expr","locations":[{"start":{"line":7,"column":46},"end":{"line":7,"column":67}},{"start":{"line":7,"column":70},"end":{"line":7,"column":115}}],"line":7},"4":{"loc":{"start":{"line":8,"column":51},"end":{"line":8,"column":67}},"type":"binary-expr","locations":[{"start":{"line":8,"column":51},"end":{"line":8,"column":61}},{"start":{"line":8,"column":65},"end":{"line":8,"column":67}}],"line":8},"5":{"loc":{"start":{"line":11,"column":22},"end":{"line":13,"column":1}},"type":"binary-expr","locations":[{"start":{"line":11,"column":23},"end":{"line":11,"column":27}},{"start":{"line":11,"column":31},"end":{"line":11,"column":51}},{"start":{"line":11,"column":56},"end":{"line":13,"column":1}}],"line":11},"6":{"loc":{"start":{"line":12,"column":11},"end":{"line":12,"column":61}},"type":"cond-expr","locations":[{"start":{"line":12,"column":37},"end":{"line":12,"column":40}},{"start":{"line":12,"column":43},"end":{"line":12,"column":61}}],"line":12},"7":{"loc":{"start":{"line":12,"column":12},"end":{"line":12,"column":33}},"type":"binary-expr","locations":[{"start":{"line":12,"column":12},"end":{"line":12,"column":15}},{"start":{"line":12,"column":19},"end":{"line":12,"column":33}}],"line":12}},"s":{"0":2,"1":2,"2":0,"3":2,"4":1,"5":1,"6":0,"7":0,"8":0,"9":0,"10":3,"11":2,"12":2,"13":4,"14":2,"15":2,"16":2,"17":2,"18":2,"19":2,"20":2,"21":2,"22":1,"23":0,"24":2},"f":{"0":2,"1":2,"2":0,"3":2,"4":1,"5":0,"6":3,"7":4,"8":2,"9":2},"b":{"0":[2,2,2],"1":[2,0],"2":[2,2],"3":[1,2],"4":[2,2],"5":[2,2,2],"6":[0,4],"7":[4,4]},"inputSourceMap":null,"_coverageSchema":"1a1c01bbd47fc00a2c39e90264f33305004495a9","hash":"b5163e8feed8cd8b0e71710433925c93e0d54e36"}
,"/home/actrox/Documents/andela/my-brand-back-end/build/index.js": {"path":"/home/actrox/Documents/andela/my-brand-back-end/build/index.js","statementMap":{"0":{"start":{"line":2,"column":22},"end":{"line":4,"column":1}},"1":{"start":{"line":3,"column":4},"end":{"line":3,"column":62}},"2":{"start":{"line":5,"column":0},"end":{"line":5,"column":62}},"3":{"start":{"line":6,"column":14},"end":{"line":6,"column":47}},"4":{"start":{"line":7,"column":19},"end":{"line":7,"column":57}},"5":{"start":{"line":8,"column":17},"end":{"line":8,"column":60}},"6":{"start":{"line":9,"column":0},"end":{"line":9,"column":26}},"7":{"start":{"line":10,"column":0},"end":{"line":10,"column":53}},"8":{"start":{"line":11,"column":13},"end":{"line":11,"column":37}},"9":{"start":{"line":12,"column":15},"end":{"line":14,"column":2}},"10":{"start":{"line":13,"column":4},"end":{"line":13,"column":56}},"11":{"start":{"line":15,"column":0},"end":{"line":15,"column":25}}},"fnMap":{"0":{"name":"(anonymous_0)","decl":{"start":{"line":2,"column":56},"end":{"line":2,"column":57}},"loc":{"start":{"line":2,"column":71},"end":{"line":4,"column":1}},"line":2},"1":{"name":"(anonymous_1)","decl":{"start":{"line":12,"column":54},"end":{"line":12,"column":55}},"loc":{"start":{"line":12,"column":60},"end":{"line":14,"column":1}},"line":12}},"branchMap":{"0":{"loc":{"start":{"line":2,"column":22},"end":{"line":4,"column":1}},"type":"binary-expr","locations":[{"start":{"line":2,"column":23},"end":{"line":2,"column":27}},{"start":{"line":2,"column":31},"end":{"line":2,"column":51}},{"start":{"line":2,"column":56},"end":{"line":4,"column":1}}],"line":2},"1":{"loc":{"start":{"line":3,"column":11},"end":{"line":3,"column":61}},"type":"cond-expr","locations":[{"start":{"line":3,"column":37},"end":{"line":3,"column":40}},{"start":{"line":3,"column":43},"end":{"line":3,"column":61}}],"line":3},"2":{"loc":{"start":{"line":3,"column":12},"end":{"line":3,"column":33}},"type":"binary-expr","locations":[{"start":{"line":3,"column":12},"end":{"line":3,"column":15}},{"start":{"line":3,"column":19},"end":{"line":3,"column":33}}],"line":3},"3":{"loc":{"start":{"line":11,"column":13},"end":{"line":11,"column":37}},"type":"binary-expr","locations":[{"start":{"line":11,"column":13},"end":{"line":11,"column":29}},{"start":{"line":11,"column":33},"end":{"line":11,"column":37}}],"line":11}},"s":{"0":1,"1":3,"2":1,"3":1,"4":1,"5":1,"6":1,"7":1,"8":1,"9":1,"10":1,"11":1},"f":{"0":3,"1":1},"b":{"0":[1,1,1],"1":[3,0],"2":[3,3],"3":[1,0]},"inputSourceMap":null,"_coverageSchema":"1a1c01bbd47fc00a2c39e90264f33305004495a9","hash":"5c3ada5375db061366c17985a430cb401c4aa0cd"}
,"/home/actrox/Documents/andela/my-brand-back-end/build/controllers/article/articleController.js": {"path":"/home/actrox/Documents/andela/my-brand-back-end/build/controllers/article/articleController.js","statementMap":{"0":{"start":{"line":2,"column":16},"end":{"line":10,"column":1}},"1":{"start":{"line":3,"column":28},"end":{"line":3,"column":110}},"2":{"start":{"line":3,"column":91},"end":{"line":3,"column":106}},"3":{"start":{"line":4,"column":4},"end":{"line":9,"column":7}},"4":{"start":{"line":5,"column":36},"end":{"line":5,"column":97}},"5":{"start":{"line":5,"column":42},"end":{"line":5,"column":70}},"6":{"start":{"line":5,"column":85},"end":{"line":5,"column":95}},"7":{"start":{"line":6,"column":35},"end":{"line":6,"column":100}},"8":{"start":{"line":6,"column":41},"end":{"line":6,"column":73}},"9":{"start":{"line":6,"column":88},"end":{"line":6,"column":98}},"10":{"start":{"line":7,"column":32},"end":{"line":7,"column":116}},"11":{"start":{"line":8,"column":8},"end":{"line":8,"column":78}},"12":{"start":{"line":11,"column":22},"end":{"line":13,"column":1}},"13":{"start":{"line":12,"column":4},"end":{"line":12,"column":62}},"14":{"start":{"line":14,"column":0},"end":{"line":14,"column":62}},"15":{"start":{"line":15,"column":0},"end":{"line":15,"column":128}},"16":{"start":{"line":16,"column":22},"end":{"line":16,"column":61}},"17":{"start":{"line":17,"column":23},"end":{"line":17,"column":76}},"18":{"start":{"line":18,"column":83},"end":{"line":18,"column":104}},"19":{"start":{"line":19,"column":20},"end":{"line":35,"column":2}},"20":{"start":{"line":19,"column":34},"end":{"line":35,"column":2}},"21":{"start":{"line":20,"column":4},"end":{"line":34,"column":5}},"22":{"start":{"line":21,"column":25},"end":{"line":21,"column":60}},"23":{"start":{"line":22,"column":8},"end":{"line":25,"column":11}},"24":{"start":{"line":28,"column":8},"end":{"line":33,"column":11}},"25":{"start":{"line":36,"column":0},"end":{"line":36,"column":34}},"26":{"start":{"line":37,"column":25},"end":{"line":58,"column":2}},"27":{"start":{"line":37,"column":39},"end":{"line":58,"column":2}},"28":{"start":{"line":38,"column":15},"end":{"line":38,"column":28}},"29":{"start":{"line":39,"column":4},"end":{"line":57,"column":5}},"30":{"start":{"line":40,"column":24},"end":{"line":40,"column":86}},"31":{"start":{"line":41,"column":8},"end":{"line":46,"column":9}},"32":{"start":{"line":42,"column":12},"end":{"line":45,"column":15}},"33":{"start":{"line":47,"column":8},"end":{"line":50,"column":11}},"34":{"start":{"line":53,"column":8},"end":{"line":56,"column":11}},"35":{"start":{"line":59,"column":0},"end":{"line":59,"column":44}},"36":{"start":{"line":60,"column":22},"end":{"line":97,"column":2}},"37":{"start":{"line":60,"column":36},"end":{"line":97,"column":2}},"38":{"start":{"line":61,"column":4},"end":{"line":96,"column":5}},"39":{"start":{"line":62,"column":46},"end":{"line":62,"column":54}},"40":{"start":{"line":63,"column":27},"end":{"line":63,"column":87}},"41":{"start":{"line":64,"column":8},"end":{"line":69,"column":9}},"42":{"start":{"line":65,"column":12},"end":{"line":68,"column":15}},"43":{"start":{"line":70,"column":8},"end":{"line":75,"column":9}},"44":{"start":{"line":71,"column":12},"end":{"line":74,"column":15}},"45":{"start":{"line":76,"column":21},"end":{"line":76,"column":31}},"46":{"start":{"line":77,"column":18},"end":{"line":77,"column":39}},"47":{"start":{"line":78,"column":27},"end":{"line":84,"column":10}},"48":{"start":{"line":85,"column":8},"end":{"line":85,"column":32}},"49":{"start":{"line":86,"column":8},"end":{"line":89,"column":11}},"50":{"start":{"line":92,"column":8},"end":{"line":95,"column":11}},"51":{"start":{"line":98,"column":0},"end":{"line":98,"column":38}},"52":{"start":{"line":99,"column":22},"end":{"line":114,"column":2}},"53":{"start":{"line":99,"column":36},"end":{"line":114,"column":2}},"54":{"start":{"line":100,"column":15},"end":{"line":100,"column":28}},"55":{"start":{"line":101,"column":4},"end":{"line":113,"column":5}},"56":{"start":{"line":102,"column":24},"end":{"line":102,"column":83}},"57":{"start":{"line":103,"column":8},"end":{"line":106,"column":11}},"58":{"start":{"line":109,"column":8},"end":{"line":112,"column":11}},"59":{"start":{"line":115,"column":0},"end":{"line":115,"column":38}},"60":{"start":{"line":116,"column":22},"end":{"line":147,"column":2}},"61":{"start":{"line":116,"column":36},"end":{"line":147,"column":2}},"62":{"start":{"line":117,"column":15},"end":{"line":117,"column":28}},"63":{"start":{"line":118,"column":4},"end":{"line":146,"column":5}},"64":{"start":{"line":119,"column":24},"end":{"line":119,"column":74}},"65":{"start":{"line":120,"column":46},"end":{"line":120,"column":54}},"66":{"start":{"line":121,"column":8},"end":{"line":126,"column":9}},"67":{"start":{"line":122,"column":12},"end":{"line":125,"column":15}},"68":{"start":{"line":127,"column":8},"end":{"line":129,"column":9}},"69":{"start":{"line":128,"column":12},"end":{"line":128,"column":34}},"70":{"start":{"line":130,"column":8},"end":{"line":132,"column":9}},"71":{"start":{"line":131,"column":12},"end":{"line":131,"column":34}},"72":{"start":{"line":133,"column":8},"end":{"line":135,"column":9}},"73":{"start":{"line":134,"column":12},"end":{"line":134,"column":46}},"74":{"start":{"line":136,"column":8},"end":{"line":139,"column":11}},"75":{"start":{"line":142,"column":8},"end":{"line":145,"column":11}},"76":{"start":{"line":148,"column":0},"end":{"line":148,"column":38}}},"fnMap":{"0":{"name":"(anonymous_0)","decl":{"start":{"line":2,"column":44},"end":{"line":2,"column":45}},"loc":{"start":{"line":2,"column":89},"end":{"line":10,"column":1}},"line":2},"1":{"name":"adopt","decl":{"start":{"line":3,"column":13},"end":{"line":3,"column":18}},"loc":{"start":{"line":3,"column":26},"end":{"line":3,"column":112}},"line":3},"2":{"name":"(anonymous_2)","decl":{"start":{"line":3,"column":70},"end":{"line":3,"column":71}},"loc":{"start":{"line":3,"column":89},"end":{"line":3,"column":108}},"line":3},"3":{"name":"(anonymous_3)","decl":{"start":{"line":4,"column":36},"end":{"line":4,"column":37}},"loc":{"start":{"line":4,"column":63},"end":{"line":9,"column":5}},"line":4},"4":{"name":"fulfilled","decl":{"start":{"line":5,"column":17},"end":{"line":5,"column":26}},"loc":{"start":{"line":5,"column":34},"end":{"line":5,"column":99}},"line":5},"5":{"name":"rejected","decl":{"start":{"line":6,"column":17},"end":{"line":6,"column":25}},"loc":{"start":{"line":6,"column":33},"end":{"line":6,"column":102}},"line":6},"6":{"name":"step","decl":{"start":{"line":7,"column":17},"end":{"line":7,"column":21}},"loc":{"start":{"line":7,"column":30},"end":{"line":7,"column":118}},"line":7},"7":{"name":"(anonymous_7)","decl":{"start":{"line":11,"column":56},"end":{"line":11,"column":57}},"loc":{"start":{"line":11,"column":71},"end":{"line":13,"column":1}},"line":11},"8":{"name":"(anonymous_8)","decl":{"start":{"line":19,"column":20},"end":{"line":19,"column":21}},"loc":{"start":{"line":19,"column":34},"end":{"line":35,"column":2}},"line":19},"9":{"name":"(anonymous_9)","decl":{"start":{"line":19,"column":68},"end":{"line":19,"column":69}},"loc":{"start":{"line":19,"column":81},"end":{"line":35,"column":1}},"line":19},"10":{"name":"(anonymous_10)","decl":{"start":{"line":37,"column":25},"end":{"line":37,"column":26}},"loc":{"start":{"line":37,"column":39},"end":{"line":58,"column":2}},"line":37},"11":{"name":"(anonymous_11)","decl":{"start":{"line":37,"column":73},"end":{"line":37,"column":74}},"loc":{"start":{"line":37,"column":86},"end":{"line":58,"column":1}},"line":37},"12":{"name":"(anonymous_12)","decl":{"start":{"line":60,"column":22},"end":{"line":60,"column":23}},"loc":{"start":{"line":60,"column":36},"end":{"line":97,"column":2}},"line":60},"13":{"name":"(anonymous_13)","decl":{"start":{"line":60,"column":70},"end":{"line":60,"column":71}},"loc":{"start":{"line":60,"column":83},"end":{"line":97,"column":1}},"line":60},"14":{"name":"(anonymous_14)","decl":{"start":{"line":99,"column":22},"end":{"line":99,"column":23}},"loc":{"start":{"line":99,"column":36},"end":{"line":114,"column":2}},"line":99},"15":{"name":"(anonymous_15)","decl":{"start":{"line":99,"column":70},"end":{"line":99,"column":71}},"loc":{"start":{"line":99,"column":83},"end":{"line":114,"column":1}},"line":99},"16":{"name":"(anonymous_16)","decl":{"start":{"line":116,"column":22},"end":{"line":116,"column":23}},"loc":{"start":{"line":116,"column":36},"end":{"line":147,"column":2}},"line":116},"17":{"name":"(anonymous_17)","decl":{"start":{"line":116,"column":70},"end":{"line":116,"column":71}},"loc":{"start":{"line":116,"column":83},"end":{"line":147,"column":1}},"line":116}},"branchMap":{"0":{"loc":{"start":{"line":2,"column":16},"end":{"line":10,"column":1}},"type":"binary-expr","locations":[{"start":{"line":2,"column":17},"end":{"line":2,"column":21}},{"start":{"line":2,"column":25},"end":{"line":2,"column":39}},{"start":{"line":2,"column":44},"end":{"line":10,"column":1}}],"line":2},"1":{"loc":{"start":{"line":3,"column":35},"end":{"line":3,"column":109}},"type":"cond-expr","locations":[{"start":{"line":3,"column":56},"end":{"line":3,"column":61}},{"start":{"line":3,"column":64},"end":{"line":3,"column":109}}],"line":3},"2":{"loc":{"start":{"line":4,"column":16},"end":{"line":4,"column":34}},"type":"binary-expr","locations":[{"start":{"line":4,"column":16},"end":{"line":4,"column":17}},{"start":{"line":4,"column":22},"end":{"line":4,"column":33}}],"line":4},"3":{"loc":{"start":{"line":7,"column":32},"end":{"line":7,"column":115}},"type":"cond-expr","locations":[{"start":{"line":7,"column":46},"end":{"line":7,"column":67}},{"start":{"line":7,"column":70},"end":{"line":7,"column":115}}],"line":7},"4":{"loc":{"start":{"line":8,"column":51},"end":{"line":8,"column":67}},"type":"binary-expr","locations":[{"start":{"line":8,"column":51},"end":{"line":8,"column":61}},{"start":{"line":8,"column":65},"end":{"line":8,"column":67}}],"line":8},"5":{"loc":{"start":{"line":11,"column":22},"end":{"line":13,"column":1}},"type":"binary-expr","locations":[{"start":{"line":11,"column":23},"end":{"line":11,"column":27}},{"start":{"line":11,"column":31},"end":{"line":11,"column":51}},{"start":{"line":11,"column":56},"end":{"line":13,"column":1}}],"line":11},"6":{"loc":{"start":{"line":12,"column":11},"end":{"line":12,"column":61}},"type":"cond-expr","locations":[{"start":{"line":12,"column":37},"end":{"line":12,"column":40}},{"start":{"line":12,"column":43},"end":{"line":12,"column":61}}],"line":12},"7":{"loc":{"start":{"line":12,"column":12},"end":{"line":12,"column":33}},"type":"binary-expr","locations":[{"start":{"line":12,"column":12},"end":{"line":12,"column":15}},{"start":{"line":12,"column":19},"end":{"line":12,"column":33}}],"line":12},"8":{"loc":{"start":{"line":41,"column":8},"end":{"line":46,"column":9}},"type":"if","locations":[{"start":{"line":41,"column":8},"end":{"line":46,"column":9}},{"start":{},"end":{}}],"line":41},"9":{"loc":{"start":{"line":64,"column":8},"end":{"line":69,"column":9}},"type":"if","locations":[{"start":{"line":64,"column":8},"end":{"line":69,"column":9}},{"start":{},"end":{}}],"line":64},"10":{"loc":{"start":{"line":70,"column":8},"end":{"line":75,"column":9}},"type":"if","locations":[{"start":{"line":70,"column":8},"end":{"line":75,"column":9}},{"start":{},"end":{}}],"line":70},"11":{"loc":{"start":{"line":70,"column":12},"end":{"line":70,"column":44}},"type":"binary-expr","locations":[{"start":{"line":70,"column":12},"end":{"line":70,"column":18}},{"start":{"line":70,"column":22},"end":{"line":70,"column":28}},{"start":{"line":70,"column":32},"end":{"line":70,"column":44}}],"line":70},"12":{"loc":{"start":{"line":121,"column":8},"end":{"line":126,"column":9}},"type":"if","locations":[{"start":{"line":121,"column":8},"end":{"line":126,"column":9}},{"start":{},"end":{}}],"line":121},"13":{"loc":{"start":{"line":127,"column":8},"end":{"line":129,"column":9}},"type":"if","locations":[{"start":{"line":127,"column":8},"end":{"line":129,"column":9}},{"start":{},"end":{}}],"line":127},"14":{"loc":{"start":{"line":130,"column":8},"end":{"line":132,"column":9}},"type":"if","locations":[{"start":{"line":130,"column":8},"end":{"line":132,"column":9}},{"start":{},"end":{}}],"line":130},"15":{"loc":{"start":{"line":133,"column":8},"end":{"line":135,"column":9}},"type":"if","locations":[{"start":{"line":133,"column":8},"end":{"line":135,"column":9}},{"start":{},"end":{}}],"line":133}},"s":{"0":2,"1":1,"2":0,"3":1,"4":1,"5":1,"6":0,"7":0,"8":0,"9":0,"10":2,"11":1,"12":2,"13":4,"14":2,"15":2,"16":2,"17":2,"18":2,"19":2,"20":1,"21":1,"22":1,"23":1,"24":0,"25":2,"26":2,"27":0,"28":0,"29":0,"30":0,"31":0,"32":0,"33":0,"34":0,"35":2,"36":2,"37":0,"38":0,"39":0,"40":0,"41":0,"42":0,"43":0,"44":0,"45":0,"46":0,"47":0,"48":0,"49":0,"50":0,"51":2,"52":2,"53":0,"54":0,"55":0,"56":0,"57":0,"58":0,"59":2,"60":2,"61":0,"62":0,"63":0,"64":0,"65":0,"66":0,"67":0,"68":0,"69":0,"70":0,"71":0,"72":0,"73":0,"74":0,"75":0,"76":2},"f":{"0":1,"1":1,"2":0,"3":1,"4":1,"5":0,"6":2,"7":4,"8":1,"9":1,"10":0,"11":0,"12":0,"13":0,"14":0,"15":0,"16":0,"17":0},"b":{"0":[2,2,2],"1":[1,0],"2":[1,1],"3":[1,1],"4":[1,1],"5":[2,2,2],"6":[2,2],"7":[4,4],"8":[0,0],"9":[0,0],"10":[0,0],"11":[0,0,0],"12":[0,0],"13":[0,0],"14":[0,0],"15":[0,0]},"inputSourceMap":null,"_coverageSchema":"1a1c01bbd47fc00a2c39e90264f33305004495a9","hash":"2ee92f56b5c7d58beac0ee83f6bf9f1282e06588"}
,"/home/actrox/Documents/andela/my-brand-back-end/build/controllers/article/articleValidator.js": {"path":"/home/actrox/Documents/andela/my-brand-back-end/build/controllers/article/articleValidator.js","statementMap":{"0":{"start":{"line":2,"column":22},"end":{"line":4,"column":1}},"1":{"start":{"line":3,"column":4},"end":{"line":3,"column":62}},"2":{"start":{"line":5,"column":0},"end":{"line":5,"column":62}},"3":{"start":{"line":6,"column":14},"end":{"line":6,"column":45}},"4":{"start":{"line":7,"column":21},"end":{"line":11,"column":2}},"5":{"start":{"line":12,"column":25},"end":{"line":22,"column":1}},"6":{"start":{"line":13,"column":20},"end":{"line":13,"column":103}},"7":{"start":{"line":14,"column":22},"end":{"line":14,"column":52}},"8":{"start":{"line":15,"column":4},"end":{"line":20,"column":5}},"9":{"start":{"line":16,"column":8},"end":{"line":19,"column":11}},"10":{"start":{"line":21,"column":4},"end":{"line":21,"column":11}},"11":{"start":{"line":23,"column":0},"end":{"line":23,"column":35}}},"fnMap":{"0":{"name":"(anonymous_0)","decl":{"start":{"line":2,"column":56},"end":{"line":2,"column":57}},"loc":{"start":{"line":2,"column":71},"end":{"line":4,"column":1}},"line":2},"1":{"name":"(anonymous_1)","decl":{"start":{"line":12,"column":25},"end":{"line":12,"column":26}},"loc":{"start":{"line":12,"column":45},"end":{"line":22,"column":1}},"line":12}},"branchMap":{"0":{"loc":{"start":{"line":2,"column":22},"end":{"line":4,"column":1}},"type":"binary-expr","locations":[{"start":{"line":2,"column":23},"end":{"line":2,"column":27}},{"start":{"line":2,"column":31},"end":{"line":2,"column":51}},{"start":{"line":2,"column":56},"end":{"line":4,"column":1}}],"line":2},"1":{"loc":{"start":{"line":3,"column":11},"end":{"line":3,"column":61}},"type":"cond-expr","locations":[{"start":{"line":3,"column":37},"end":{"line":3,"column":40}},{"start":{"line":3,"column":43},"end":{"line":3,"column":61}}],"line":3},"2":{"loc":{"start":{"line":3,"column":12},"end":{"line":3,"column":33}},"type":"binary-expr","locations":[{"start":{"line":3,"column":12},"end":{"line":3,"column":15}},{"start":{"line":3,"column":19},"end":{"line":3,"column":33}}],"line":3},"3":{"loc":{"start":{"line":15,"column":4},"end":{"line":20,"column":5}},"type":"if","locations":[{"start":{"line":15,"column":4},"end":{"line":20,"column":5}},{"start":{},"end":{}}],"line":15}},"s":{"0":1,"1":1,"2":1,"3":1,"4":1,"5":1,"6":0,"7":0,"8":0,"9":0,"10":0,"11":1},"f":{"0":1,"1":0},"b":{"0":[1,1,1],"1":[0,1],"2":[1,1],"3":[0,0]},"inputSourceMap":null,"_coverageSchema":"1a1c01bbd47fc00a2c39e90264f33305004495a9","hash":"c6ba2351b58201621fc1db66d916156cb74f10e4"}
,"/home/actrox/Documents/andela/my-brand-back-end/build/controllers/comment/commentController.js": {"path":"/home/actrox/Documents/andela/my-brand-back-end/build/controllers/comment/commentController.js","statementMap":{"0":{"start":{"line":2,"column":16},"end":{"line":10,"column":1}},"1":{"start":{"line":3,"column":28},"end":{"line":3,"column":110}},"2":{"start":{"line":3,"column":91},"end":{"line":3,"column":106}},"3":{"start":{"line":4,"column":4},"end":{"line":9,"column":7}},"4":{"start":{"line":5,"column":36},"end":{"line":5,"column":97}},"5":{"start":{"line":5,"column":42},"end":{"line":5,"column":70}},"6":{"start":{"line":5,"column":85},"end":{"line":5,"column":95}},"7":{"start":{"line":6,"column":35},"end":{"line":6,"column":100}},"8":{"start":{"line":6,"column":41},"end":{"line":6,"column":73}},"9":{"start":{"line":6,"column":88},"end":{"line":6,"column":98}},"10":{"start":{"line":7,"column":32},"end":{"line":7,"column":116}},"11":{"start":{"line":8,"column":8},"end":{"line":8,"column":78}},"12":{"start":{"line":11,"column":22},"end":{"line":13,"column":1}},"13":{"start":{"line":12,"column":4},"end":{"line":12,"column":62}},"14":{"start":{"line":14,"column":0},"end":{"line":14,"column":62}},"15":{"start":{"line":15,"column":0},"end":{"line":15,"column":52}},"16":{"start":{"line":16,"column":22},"end":{"line":16,"column":61}},"17":{"start":{"line":17,"column":23},"end":{"line":17,"column":76}},"18":{"start":{"line":19,"column":48},"end":{"line":19,"column":69}},"19":{"start":{"line":20,"column":19},"end":{"line":48,"column":2}},"20":{"start":{"line":20,"column":33},"end":{"line":48,"column":2}},"21":{"start":{"line":21,"column":4},"end":{"line":47,"column":5}},"22":{"start":{"line":22,"column":19},"end":{"line":22,"column":32}},"23":{"start":{"line":23,"column":36},"end":{"line":23,"column":44}},"24":{"start":{"line":24,"column":24},"end":{"line":24,"column":86}},"25":{"start":{"line":25,"column":8},"end":{"line":30,"column":9}},"26":{"start":{"line":26,"column":12},"end":{"line":29,"column":15}},"27":{"start":{"line":31,"column":27},"end":{"line":34,"column":9}},"28":{"start":{"line":35,"column":8},"end":{"line":35,"column":42}},"29":{"start":{"line":36,"column":8},"end":{"line":36,"column":29}},"30":{"start":{"line":37,"column":8},"end":{"line":40,"column":11}},"31":{"start":{"line":43,"column":8},"end":{"line":46,"column":11}},"32":{"start":{"line":49,"column":0},"end":{"line":49,"column":32}},"33":{"start":{"line":50,"column":22},"end":{"line":75,"column":2}},"34":{"start":{"line":50,"column":36},"end":{"line":75,"column":2}},"35":{"start":{"line":51,"column":15},"end":{"line":51,"column":28}},"36":{"start":{"line":52,"column":4},"end":{"line":52,"column":20}},"37":{"start":{"line":53,"column":4},"end":{"line":74,"column":5}},"38":{"start":{"line":54,"column":24},"end":{"line":54,"column":65}},"39":{"start":{"line":55,"column":8},"end":{"line":60,"column":9}},"40":{"start":{"line":56,"column":12},"end":{"line":59,"column":15}},"41":{"start":{"line":61,"column":23},"end":{"line":61,"column":96}},"42":{"start":{"line":61,"column":60},"end":{"line":61,"column":95}},"43":{"start":{"line":62,"column":8},"end":{"line":62,"column":36}},"44":{"start":{"line":63,"column":8},"end":{"line":63,"column":29}},"45":{"start":{"line":64,"column":8},"end":{"line":67,"column":11}},"46":{"start":{"line":70,"column":8},"end":{"line":73,"column":11}},"47":{"start":{"line":76,"column":0},"end":{"line":76,"column":38}}},"fnMap":{"0":{"name":"(anonymous_0)","decl":{"start":{"line":2,"column":44},"end":{"line":2,"column":45}},"loc":{"start":{"line":2,"column":89},"end":{"line":10,"column":1}},"line":2},"1":{"name":"adopt","decl":{"start":{"line":3,"column":13},"end":{"line":3,"column":18}},"loc":{"start":{"line":3,"column":26},"end":{"line":3,"column":112}},"line":3},"2":{"name":"(anonymous_2)","decl":{"start":{"line":3,"column":70},"end":{"line":3,"column":71}},"loc":{"start":{"line":3,"column":89},"end":{"line":3,"column":108}},"line":3},"3":{"name":"(anonymous_3)","decl":{"start":{"line":4,"column":36},"end":{"line":4,"column":37}},"loc":{"start":{"line":4,"column":63},"end":{"line":9,"column":5}},"line":4},"4":{"name":"fulfilled","decl":{"start":{"line":5,"column":17},"end":{"line":5,"column":26}},"loc":{"start":{"line":5,"column":34},"end":{"line":5,"column":99}},"line":5},"5":{"name":"rejected","decl":{"start":{"line":6,"column":17},"end":{"line":6,"column":25}},"loc":{"start":{"line":6,"column":33},"end":{"line":6,"column":102}},"line":6},"6":{"name":"step","decl":{"start":{"line":7,"column":17},"end":{"line":7,"column":21}},"loc":{"start":{"line":7,"column":30},"end":{"line":7,"column":118}},"line":7},"7":{"name":"(anonymous_7)","decl":{"start":{"line":11,"column":56},"end":{"line":11,"column":57}},"loc":{"start":{"line":11,"column":71},"end":{"line":13,"column":1}},"line":11},"8":{"name":"(anonymous_8)","decl":{"start":{"line":20,"column":19},"end":{"line":20,"column":20}},"loc":{"start":{"line":20,"column":33},"end":{"line":48,"column":2}},"line":20},"9":{"name":"(anonymous_9)","decl":{"start":{"line":20,"column":67},"end":{"line":20,"column":68}},"loc":{"start":{"line":20,"column":80},"end":{"line":48,"column":1}},"line":20},"10":{"name":"(anonymous_10)","decl":{"start":{"line":50,"column":22},"end":{"line":50,"column":23}},"loc":{"start":{"line":50,"column":36},"end":{"line":75,"column":2}},"line":50},"11":{"name":"(anonymous_11)","decl":{"start":{"line":50,"column":70},"end":{"line":50,"column":71}},"loc":{"start":{"line":50,"column":83},"end":{"line":75,"column":1}},"line":50},"12":{"name":"(anonymous_12)","decl":{"start":{"line":61,"column":47},"end":{"line":61,"column":48}},"loc":{"start":{"line":61,"column":60},"end":{"line":61,"column":95}},"line":61}},"branchMap":{"0":{"loc":{"start":{"line":2,"column":16},"end":{"line":10,"column":1}},"type":"binary-expr","locations":[{"start":{"line":2,"column":17},"end":{"line":2,"column":21}},{"start":{"line":2,"column":25},"end":{"line":2,"column":39}},{"start":{"line":2,"column":44},"end":{"line":10,"column":1}}],"line":2},"1":{"loc":{"start":{"line":3,"column":35},"end":{"line":3,"column":109}},"type":"cond-expr","locations":[{"start":{"line":3,"column":56},"end":{"line":3,"column":61}},{"start":{"line":3,"column":64},"end":{"line":3,"column":109}}],"line":3},"2":{"loc":{"start":{"line":4,"column":16},"end":{"line":4,"column":34}},"type":"binary-expr","locations":[{"start":{"line":4,"column":16},"end":{"line":4,"column":17}},{"start":{"line":4,"column":22},"end":{"line":4,"column":33}}],"line":4},"3":{"loc":{"start":{"line":7,"column":32},"end":{"line":7,"column":115}},"type":"cond-expr","locations":[{"start":{"line":7,"column":46},"end":{"line":7,"column":67}},{"start":{"line":7,"column":70},"end":{"line":7,"column":115}}],"line":7},"4":{"loc":{"start":{"line":8,"column":51},"end":{"line":8,"column":67}},"type":"binary-expr","locations":[{"start":{"line":8,"column":51},"end":{"line":8,"column":61}},{"start":{"line":8,"column":65},"end":{"line":8,"column":67}}],"line":8},"5":{"loc":{"start":{"line":11,"column":22},"end":{"line":13,"column":1}},"type":"binary-expr","locations":[{"start":{"line":11,"column":23},"end":{"line":11,"column":27}},{"start":{"line":11,"column":31},"end":{"line":11,"column":51}},{"start":{"line":11,"column":56},"end":{"line":13,"column":1}}],"line":11},"6":{"loc":{"start":{"line":12,"column":11},"end":{"line":12,"column":61}},"type":"cond-expr","locations":[{"start":{"line":12,"column":37},"end":{"line":12,"column":40}},{"start":{"line":12,"column":43},"end":{"line":12,"column":61}}],"line":12},"7":{"loc":{"start":{"line":12,"column":12},"end":{"line":12,"column":33}},"type":"binary-expr","locations":[{"start":{"line":12,"column":12},"end":{"line":12,"column":15}},{"start":{"line":12,"column":19},"end":{"line":12,"column":33}}],"line":12},"8":{"loc":{"start":{"line":25,"column":8},"end":{"line":30,"column":9}},"type":"if","locations":[{"start":{"line":25,"column":8},"end":{"line":30,"column":9}},{"start":{},"end":{}}],"line":25},"9":{"loc":{"start":{"line":55,"column":8},"end":{"line":60,"column":9}},"type":"if","locations":[{"start":{"line":55,"column":8},"end":{"line":60,"column":9}},{"start":{},"end":{}}],"line":55}},"s":{"0":1,"1":0,"2":0,"3":0,"4":0,"5":0,"6":0,"7":0,"8":0,"9":0,"10":0,"11":0,"12":1,"13":2,"14":1,"15":1,"16":1,"17":1,"18":1,"19":1,"20":0,"21":0,"22":0,"23":0,"24":0,"25":0,"26":0,"27":0,"28":0,"29":0,"30":0,"31":0,"32":1,"33":1,"34":0,"35":0,"36":0,"37":0,"38":0,"39":0,"40":0,"41":0,"42":0,"43":0,"44":0,"45":0,"46":0,"47":1},"f":{"0":0,"1":0,"2":0,"3":0,"4":0,"5":0,"6":0,"7":2,"8":0,"9":0,"10":0,"11":0,"12":0},"b":{"0":[1,1,1],"1":[0,0],"2":[0,0],"3":[0,0],"4":[0,0],"5":[1,1,1],"6":[1,1],"7":[2,2],"8":[0,0],"9":[0,0]},"inputSourceMap":null,"_coverageSchema":"1a1c01bbd47fc00a2c39e90264f33305004495a9","hash":"860a21cf7b3dd8d2ebda3598215eab8d693f4b70"}
,"/home/actrox/Documents/andela/my-brand-back-end/build/controllers/comment/commentValidator.js": {"path":"/home/actrox/Documents/andela/my-brand-back-end/build/controllers/comment/commentValidator.js","statementMap":{"0":{"start":{"line":2,"column":22},"end":{"line":4,"column":1}},"1":{"start":{"line":3,"column":4},"end":{"line":3,"column":62}},"2":{"start":{"line":5,"column":0},"end":{"line":5,"column":62}},"3":{"start":{"line":6,"column":14},"end":{"line":6,"column":45}},"4":{"start":{"line":7,"column":18},"end":{"line":10,"column":2}},"5":{"start":{"line":11,"column":25},"end":{"line":21,"column":1}},"6":{"start":{"line":12,"column":20},"end":{"line":12,"column":28}},"7":{"start":{"line":13,"column":22},"end":{"line":13,"column":49}},"8":{"start":{"line":14,"column":4},"end":{"line":19,"column":5}},"9":{"start":{"line":15,"column":8},"end":{"line":18,"column":11}},"10":{"start":{"line":20,"column":4},"end":{"line":20,"column":11}},"11":{"start":{"line":22,"column":0},"end":{"line":22,"column":35}}},"fnMap":{"0":{"name":"(anonymous_0)","decl":{"start":{"line":2,"column":56},"end":{"line":2,"column":57}},"loc":{"start":{"line":2,"column":71},"end":{"line":4,"column":1}},"line":2},"1":{"name":"(anonymous_1)","decl":{"start":{"line":11,"column":25},"end":{"line":11,"column":26}},"loc":{"start":{"line":11,"column":45},"end":{"line":21,"column":1}},"line":11}},"branchMap":{"0":{"loc":{"start":{"line":2,"column":22},"end":{"line":4,"column":1}},"type":"binary-expr","locations":[{"start":{"line":2,"column":23},"end":{"line":2,"column":27}},{"start":{"line":2,"column":31},"end":{"line":2,"column":51}},{"start":{"line":2,"column":56},"end":{"line":4,"column":1}}],"line":2},"1":{"loc":{"start":{"line":3,"column":11},"end":{"line":3,"column":61}},"type":"cond-expr","locations":[{"start":{"line":3,"column":37},"end":{"line":3,"column":40}},{"start":{"line":3,"column":43},"end":{"line":3,"column":61}}],"line":3},"2":{"loc":{"start":{"line":3,"column":12},"end":{"line":3,"column":33}},"type":"binary-expr","locations":[{"start":{"line":3,"column":12},"end":{"line":3,"column":15}},{"start":{"line":3,"column":19},"end":{"line":3,"column":33}}],"line":3},"3":{"loc":{"start":{"line":14,"column":4},"end":{"line":19,"column":5}},"type":"if","locations":[{"start":{"line":14,"column":4},"end":{"line":19,"column":5}},{"start":{},"end":{}}],"line":14}},"s":{"0":1,"1":1,"2":1,"3":1,"4":1,"5":1,"6":0,"7":0,"8":0,"9":0,"10":0,"11":1},"f":{"0":1,"1":0},"b":{"0":[1,1,1],"1":[0,1],"2":[1,1],"3":[0,0]},"inputSourceMap":null,"_coverageSchema":"1a1c01bbd47fc00a2c39e90264f33305004495a9","hash":"07627a8bf03614bc068f5c7513fe0fa2609815e1"}
,"/home/actrox/Documents/andela/my-brand-back-end/build/controllers/message/messageController.js": {"path":"/home/actrox/Documents/andela/my-brand-back-end/build/controllers/message/messageController.js","statementMap":{"0":{"start":{"line":2,"column":16},"end":{"line":10,"column":1}},"1":{"start":{"line":3,"column":28},"end":{"line":3,"column":110}},"2":{"start":{"line":3,"column":91},"end":{"line":3,"column":106}},"3":{"start":{"line":4,"column":4},"end":{"line":9,"column":7}},"4":{"start":{"line":5,"column":36},"end":{"line":5,"column":97}},"5":{"start":{"line":5,"column":42},"end":{"line":5,"column":70}},"6":{"start":{"line":5,"column":85},"end":{"line":5,"column":95}},"7":{"start":{"line":6,"column":35},"end":{"line":6,"column":100}},"8":{"start":{"line":6,"column":41},"end":{"line":6,"column":73}},"9":{"start":{"line":6,"column":88},"end":{"line":6,"column":98}},"10":{"start":{"line":7,"column":32},"end":{"line":7,"column":116}},"11":{"start":{"line":8,"column":8},"end":{"line":8,"column":78}},"12":{"start":{"line":11,"column":22},"end":{"line":13,"column":1}},"13":{"start":{"line":12,"column":4},"end":{"line":12,"column":62}},"14":{"start":{"line":14,"column":0},"end":{"line":14,"column":62}},"15":{"start":{"line":15,"column":0},"end":{"line":15,"column":104}},"16":{"start":{"line":16,"column":22},"end":{"line":16,"column":61}},"17":{"start":{"line":17,"column":48},"end":{"line":17,"column":69}},"18":{"start":{"line":18,"column":23},"end":{"line":18,"column":76}},"19":{"start":{"line":19,"column":20},"end":{"line":33,"column":2}},"20":{"start":{"line":19,"column":34},"end":{"line":33,"column":2}},"21":{"start":{"line":20,"column":4},"end":{"line":32,"column":5}},"22":{"start":{"line":21,"column":25},"end":{"line":21,"column":60}},"23":{"start":{"line":22,"column":8},"end":{"line":25,"column":11}},"24":{"start":{"line":28,"column":8},"end":{"line":31,"column":11}},"25":{"start":{"line":34,"column":0},"end":{"line":34,"column":34}},"26":{"start":{"line":35,"column":25},"end":{"line":50,"column":2}},"27":{"start":{"line":35,"column":39},"end":{"line":50,"column":2}},"28":{"start":{"line":36,"column":15},"end":{"line":36,"column":28}},"29":{"start":{"line":37,"column":4},"end":{"line":49,"column":5}},"30":{"start":{"line":38,"column":24},"end":{"line":38,"column":74}},"31":{"start":{"line":39,"column":8},"end":{"line":42,"column":11}},"32":{"start":{"line":45,"column":8},"end":{"line":48,"column":11}},"33":{"start":{"line":51,"column":0},"end":{"line":51,"column":44}},"34":{"start":{"line":52,"column":22},"end":{"line":79,"column":2}},"35":{"start":{"line":52,"column":36},"end":{"line":79,"column":2}},"36":{"start":{"line":53,"column":4},"end":{"line":78,"column":5}},"37":{"start":{"line":54,"column":23},"end":{"line":54,"column":33}},"38":{"start":{"line":55,"column":18},"end":{"line":55,"column":39}},"39":{"start":{"line":56,"column":19},"end":{"line":56,"column":46}},"40":{"start":{"line":57,"column":41},"end":{"line":57,"column":49}},"41":{"start":{"line":58,"column":8},"end":{"line":62,"column":9}},"42":{"start":{"line":59,"column":12},"end":{"line":61,"column":78}},"43":{"start":{"line":63,"column":27},"end":{"line":69,"column":10}},"44":{"start":{"line":70,"column":8},"end":{"line":72,"column":72}},"45":{"start":{"line":75,"column":8},"end":{"line":77,"column":79}},"46":{"start":{"line":80,"column":0},"end":{"line":80,"column":38}},"47":{"start":{"line":81,"column":22},"end":{"line":102,"column":2}},"48":{"start":{"line":81,"column":36},"end":{"line":102,"column":2}},"49":{"start":{"line":82,"column":15},"end":{"line":82,"column":28}},"50":{"start":{"line":83,"column":4},"end":{"line":101,"column":5}},"51":{"start":{"line":84,"column":24},"end":{"line":84,"column":83}},"52":{"start":{"line":85,"column":8},"end":{"line":90,"column":9}},"53":{"start":{"line":86,"column":12},"end":{"line":89,"column":15}},"54":{"start":{"line":91,"column":8},"end":{"line":94,"column":11}},"55":{"start":{"line":97,"column":8},"end":{"line":100,"column":11}},"56":{"start":{"line":103,"column":0},"end":{"line":103,"column":38}}},"fnMap":{"0":{"name":"(anonymous_0)","decl":{"start":{"line":2,"column":44},"end":{"line":2,"column":45}},"loc":{"start":{"line":2,"column":89},"end":{"line":10,"column":1}},"line":2},"1":{"name":"adopt","decl":{"start":{"line":3,"column":13},"end":{"line":3,"column":18}},"loc":{"start":{"line":3,"column":26},"end":{"line":3,"column":112}},"line":3},"2":{"name":"(anonymous_2)","decl":{"start":{"line":3,"column":70},"end":{"line":3,"column":71}},"loc":{"start":{"line":3,"column":89},"end":{"line":3,"column":108}},"line":3},"3":{"name":"(anonymous_3)","decl":{"start":{"line":4,"column":36},"end":{"line":4,"column":37}},"loc":{"start":{"line":4,"column":63},"end":{"line":9,"column":5}},"line":4},"4":{"name":"fulfilled","decl":{"start":{"line":5,"column":17},"end":{"line":5,"column":26}},"loc":{"start":{"line":5,"column":34},"end":{"line":5,"column":99}},"line":5},"5":{"name":"rejected","decl":{"start":{"line":6,"column":17},"end":{"line":6,"column":25}},"loc":{"start":{"line":6,"column":33},"end":{"line":6,"column":102}},"line":6},"6":{"name":"step","decl":{"start":{"line":7,"column":17},"end":{"line":7,"column":21}},"loc":{"start":{"line":7,"column":30},"end":{"line":7,"column":118}},"line":7},"7":{"name":"(anonymous_7)","decl":{"start":{"line":11,"column":56},"end":{"line":11,"column":57}},"loc":{"start":{"line":11,"column":71},"end":{"line":13,"column":1}},"line":11},"8":{"name":"(anonymous_8)","decl":{"start":{"line":19,"column":20},"end":{"line":19,"column":21}},"loc":{"start":{"line":19,"column":34},"end":{"line":33,"column":2}},"line":19},"9":{"name":"(anonymous_9)","decl":{"start":{"line":19,"column":68},"end":{"line":19,"column":69}},"loc":{"start":{"line":19,"column":81},"end":{"line":33,"column":1}},"line":19},"10":{"name":"(anonymous_10)","decl":{"start":{"line":35,"column":25},"end":{"line":35,"column":26}},"loc":{"start":{"line":35,"column":39},"end":{"line":50,"column":2}},"line":35},"11":{"name":"(anonymous_11)","decl":{"start":{"line":35,"column":73},"end":{"line":35,"column":74}},"loc":{"start":{"line":35,"column":86},"end":{"line":50,"column":1}},"line":35},"12":{"name":"(anonymous_12)","decl":{"start":{"line":52,"column":22},"end":{"line":52,"column":23}},"loc":{"start":{"line":52,"column":36},"end":{"line":79,"column":2}},"line":52},"13":{"name":"(anonymous_13)","decl":{"start":{"line":52,"column":70},"end":{"line":52,"column":71}},"loc":{"start":{"line":52,"column":83},"end":{"line":79,"column":1}},"line":52},"14":{"name":"(anonymous_14)","decl":{"start":{"line":81,"column":22},"end":{"line":81,"column":23}},"loc":{"start":{"line":81,"column":36},"end":{"line":102,"column":2}},"line":81},"15":{"name":"(anonymous_15)","decl":{"start":{"line":81,"column":70},"end":{"line":81,"column":71}},"loc":{"start":{"line":81,"column":83},"end":{"line":102,"column":1}},"line":81}},"branchMap":{"0":{"loc":{"start":{"line":2,"column":16},"end":{"line":10,"column":1}},"type":"binary-expr","locations":[{"start":{"line":2,"column":17},"end":{"line":2,"column":21}},{"start":{"line":2,"column":25},"end":{"line":2,"column":39}},{"start":{"line":2,"column":44},"end":{"line":10,"column":1}}],"line":2},"1":{"loc":{"start":{"line":3,"column":35},"end":{"line":3,"column":109}},"type":"cond-expr","locations":[{"start":{"line":3,"column":56},"end":{"line":3,"column":61}},{"start":{"line":3,"column":64},"end":{"line":3,"column":109}}],"line":3},"2":{"loc":{"start":{"line":4,"column":16},"end":{"line":4,"column":34}},"type":"binary-expr","locations":[{"start":{"line":4,"column":16},"end":{"line":4,"column":17}},{"start":{"line":4,"column":22},"end":{"line":4,"column":33}}],"line":4},"3":{"loc":{"start":{"line":7,"column":32},"end":{"line":7,"column":115}},"type":"cond-expr","locations":[{"start":{"line":7,"column":46},"end":{"line":7,"column":67}},{"start":{"line":7,"column":70},"end":{"line":7,"column":115}}],"line":7},"4":{"loc":{"start":{"line":8,"column":51},"end":{"line":8,"column":67}},"type":"binary-expr","locations":[{"start":{"line":8,"column":51},"end":{"line":8,"column":61}},{"start":{"line":8,"column":65},"end":{"line":8,"column":67}}],"line":8},"5":{"loc":{"start":{"line":11,"column":22},"end":{"line":13,"column":1}},"type":"binary-expr","locations":[{"start":{"line":11,"column":23},"end":{"line":11,"column":27}},{"start":{"line":11,"column":31},"end":{"line":11,"column":51}},{"start":{"line":11,"column":56},"end":{"line":13,"column":1}}],"line":11},"6":{"loc":{"start":{"line":12,"column":11},"end":{"line":12,"column":61}},"type":"cond-expr","locations":[{"start":{"line":12,"column":37},"end":{"line":12,"column":40}},{"start":{"line":12,"column":43},"end":{"line":12,"column":61}}],"line":12},"7":{"loc":{"start":{"line":12,"column":12},"end":{"line":12,"column":33}},"type":"binary-expr","locations":[{"start":{"line":12,"column":12},"end":{"line":12,"column":15}},{"start":{"line":12,"column":19},"end":{"line":12,"column":33}}],"line":12},"8":{"loc":{"start":{"line":58,"column":8},"end":{"line":62,"column":9}},"type":"if","locations":[{"start":{"line":58,"column":8},"end":{"line":62,"column":9}},{"start":{},"end":{}}],"line":58},"9":{"loc":{"start":{"line":58,"column":12},"end":{"line":58,"column":39}},"type":"binary-expr","locations":[{"start":{"line":58,"column":12},"end":{"line":58,"column":17}},{"start":{"line":58,"column":21},"end":{"line":58,"column":27}},{"start":{"line":58,"column":31},"end":{"line":58,"column":39}}],"line":58},"10":{"loc":{"start":{"line":85,"column":8},"end":{"line":90,"column":9}},"type":"if","locations":[{"start":{"line":85,"column":8},"end":{"line":90,"column":9}},{"start":{},"end":{}}],"line":85}},"s":{"0":2,"1":1,"2":0,"3":1,"4":1,"5":1,"6":0,"7":0,"8":0,"9":0,"10":2,"11":1,"12":2,"13":4,"14":2,"15":2,"16":2,"17":2,"18":2,"19":2,"20":1,"21":1,"22":1,"23":1,"24":0,"25":2,"26":2,"27":0,"28":0,"29":0,"30":0,"31":0,"32":0,"33":2,"34":2,"35":0,"36":0,"37":0,"38":0,"39":0,"40":0,"41":0,"42":0,"43":0,"44":0,"45":0,"46":2,"47":2,"48":0,"49":0,"50":0,"51":0,"52":0,"53":0,"54":0,"55":0,"56":2},"f":{"0":1,"1":1,"2":0,"3":1,"4":1,"5":0,"6":2,"7":4,"8":1,"9":1,"10":0,"11":0,"12":0,"13":0,"14":0,"15":0},"b":{"0":[2,2,2],"1":[1,0],"2":[1,1],"3":[1,1],"4":[1,1],"5":[2,2,2],"6":[2,2],"7":[4,4],"8":[0,0],"9":[0,0,0],"10":[0,0]},"inputSourceMap":null,"_coverageSchema":"1a1c01bbd47fc00a2c39e90264f33305004495a9","hash":"7c6b0bbe3627e3dc1bfb7faecfec57d4ffafc4af"}
,"/home/actrox/Documents/andela/my-brand-back-end/build/controllers/message/messageValidator.js": {"path":"/home/actrox/Documents/andela/my-brand-back-end/build/controllers/message/messageValidator.js","statementMap":{"0":{"start":{"line":2,"column":22},"end":{"line":4,"column":1}},"1":{"start":{"line":3,"column":4},"end":{"line":3,"column":62}},"2":{"start":{"line":5,"column":0},"end":{"line":5,"column":62}},"3":{"start":{"line":6,"column":14},"end":{"line":6,"column":45}},"4":{"start":{"line":7,"column":18},"end":{"line":11,"column":2}},"5":{"start":{"line":12,"column":25},"end":{"line":22,"column":1}},"6":{"start":{"line":13,"column":20},"end":{"line":13,"column":93}},"7":{"start":{"line":14,"column":22},"end":{"line":14,"column":49}},"8":{"start":{"line":15,"column":4},"end":{"line":20,"column":5}},"9":{"start":{"line":16,"column":8},"end":{"line":19,"column":11}},"10":{"start":{"line":21,"column":4},"end":{"line":21,"column":11}},"11":{"start":{"line":23,"column":0},"end":{"line":23,"column":35}}},"fnMap":{"0":{"name":"(anonymous_0)","decl":{"start":{"line":2,"column":56},"end":{"line":2,"column":57}},"loc":{"start":{"line":2,"column":71},"end":{"line":4,"column":1}},"line":2},"1":{"name":"(anonymous_1)","decl":{"start":{"line":12,"column":25},"end":{"line":12,"column":26}},"loc":{"start":{"line":12,"column":45},"end":{"line":22,"column":1}},"line":12}},"branchMap":{"0":{"loc":{"start":{"line":2,"column":22},"end":{"line":4,"column":1}},"type":"binary-expr","locations":[{"start":{"line":2,"column":23},"end":{"line":2,"column":27}},{"start":{"line":2,"column":31},"end":{"line":2,"column":51}},{"start":{"line":2,"column":56},"end":{"line":4,"column":1}}],"line":2},"1":{"loc":{"start":{"line":3,"column":11},"end":{"line":3,"column":61}},"type":"cond-expr","locations":[{"start":{"line":3,"column":37},"end":{"line":3,"column":40}},{"start":{"line":3,"column":43},"end":{"line":3,"column":61}}],"line":3},"2":{"loc":{"start":{"line":3,"column":12},"end":{"line":3,"column":33}},"type":"binary-expr","locations":[{"start":{"line":3,"column":12},"end":{"line":3,"column":15}},{"start":{"line":3,"column":19},"end":{"line":3,"column":33}}],"line":3},"3":{"loc":{"start":{"line":15,"column":4},"end":{"line":20,"column":5}},"type":"if","locations":[{"start":{"line":15,"column":4},"end":{"line":20,"column":5}},{"start":{},"end":{}}],"line":15}},"s":{"0":1,"1":1,"2":1,"3":1,"4":1,"5":1,"6":0,"7":0,"8":0,"9":0,"10":0,"11":1},"f":{"0":1,"1":0},"b":{"0":[1,1,1],"1":[0,1],"2":[1,1],"3":[0,0]},"inputSourceMap":null,"_coverageSchema":"1a1c01bbd47fc00a2c39e90264f33305004495a9","hash":"f8c49124798e6c5b5edce12d564cae3632185f79"}
,"/home/actrox/Documents/andela/my-brand-back-end/build/controllers/user/userController.js": {"path":"/home/actrox/Documents/andela/my-brand-back-end/build/controllers/user/userController.js","statementMap":{"0":{"start":{"line":2,"column":16},"end":{"line":10,"column":1}},"1":{"start":{"line":3,"column":28},"end":{"line":3,"column":110}},"2":{"start":{"line":3,"column":91},"end":{"line":3,"column":106}},"3":{"start":{"line":4,"column":4},"end":{"line":9,"column":7}},"4":{"start":{"line":5,"column":36},"end":{"line":5,"column":97}},"5":{"start":{"line":5,"column":42},"end":{"line":5,"column":70}},"6":{"start":{"line":5,"column":85},"end":{"line":5,"column":95}},"7":{"start":{"line":6,"column":35},"end":{"line":6,"column":100}},"8":{"start":{"line":6,"column":41},"end":{"line":6,"column":73}},"9":{"start":{"line":6,"column":88},"end":{"line":6,"column":98}},"10":{"start":{"line":7,"column":32},"end":{"line":7,"column":116}},"11":{"start":{"line":8,"column":8},"end":{"line":8,"column":78}},"12":{"start":{"line":11,"column":22},"end":{"line":13,"column":1}},"13":{"start":{"line":12,"column":4},"end":{"line":12,"column":62}},"14":{"start":{"line":14,"column":0},"end":{"line":14,"column":62}},"15":{"start":{"line":15,"column":0},"end":{"line":15,"column":171}},"16":{"start":{"line":16,"column":22},"end":{"line":16,"column":61}},"17":{"start":{"line":17,"column":17},"end":{"line":17,"column":51}},"18":{"start":{"line":18,"column":23},"end":{"line":18,"column":63}},"19":{"start":{"line":19,"column":19},"end":{"line":19,"column":55}},"20":{"start":{"line":20,"column":21},"end":{"line":20,"column":72}},"21":{"start":{"line":21,"column":62},"end":{"line":21,"column":83}},"22":{"start":{"line":22,"column":21},"end":{"line":51,"column":2}},"23":{"start":{"line":22,"column":35},"end":{"line":51,"column":2}},"24":{"start":{"line":23,"column":4},"end":{"line":50,"column":5}},"25":{"start":{"line":24,"column":42},"end":{"line":24,"column":50}},"26":{"start":{"line":25,"column":26},"end":{"line":25,"column":71}},"27":{"start":{"line":26,"column":8},"end":{"line":31,"column":9}},"28":{"start":{"line":27,"column":12},"end":{"line":30,"column":15}},"29":{"start":{"line":32,"column":21},"end":{"line":32,"column":55}},"30":{"start":{"line":33,"column":31},"end":{"line":33,"column":74}},"31":{"start":{"line":34,"column":21},"end":{"line":38,"column":10}},"32":{"start":{"line":39,"column":8},"end":{"line":42,"column":11}},"33":{"start":{"line":45,"column":8},"end":{"line":45,"column":27}},"34":{"start":{"line":46,"column":8},"end":{"line":49,"column":11}},"35":{"start":{"line":52,"column":0},"end":{"line":52,"column":36}},"36":{"start":{"line":53,"column":18},"end":{"line":100,"column":2}},"37":{"start":{"line":53,"column":32},"end":{"line":100,"column":2}},"38":{"start":{"line":54,"column":4},"end":{"line":99,"column":5}},"39":{"start":{"line":55,"column":36},"end":{"line":55,"column":44}},"40":{"start":{"line":56,"column":21},"end":{"line":56,"column":66}},"41":{"start":{"line":57,"column":8},"end":{"line":62,"column":9}},"42":{"start":{"line":58,"column":12},"end":{"line":61,"column":15}},"43":{"start":{"line":63,"column":30},"end":{"line":63,"column":85}},"44":{"start":{"line":64,"column":8},"end":{"line":69,"column":9}},"45":{"start":{"line":65,"column":12},"end":{"line":68,"column":15}},"46":{"start":{"line":70,"column":24},"end":{"line":73,"column":9}},"47":{"start":{"line":74,"column":28},"end":{"line":76,"column":10}},"48":{"start":{"line":77,"column":29},"end":{"line":79,"column":10}},"49":{"start":{"line":80,"column":8},"end":{"line":85,"column":11}},"50":{"start":{"line":86,"column":8},"end":{"line":92,"column":11}},"51":{"start":{"line":95,"column":8},"end":{"line":98,"column":11}},"52":{"start":{"line":101,"column":0},"end":{"line":101,"column":30}},"53":{"start":{"line":102,"column":15},"end":{"line":108,"column":2}},"54":{"start":{"line":102,"column":29},"end":{"line":108,"column":2}},"55":{"start":{"line":103,"column":4},"end":{"line":103,"column":27}},"56":{"start":{"line":104,"column":4},"end":{"line":107,"column":7}},"57":{"start":{"line":109,"column":0},"end":{"line":109,"column":24}},"58":{"start":{"line":110,"column":17},"end":{"line":124,"column":2}},"59":{"start":{"line":110,"column":31},"end":{"line":124,"column":2}},"60":{"start":{"line":111,"column":4},"end":{"line":123,"column":5}},"61":{"start":{"line":112,"column":22},"end":{"line":112,"column":55}},"62":{"start":{"line":113,"column":8},"end":{"line":116,"column":11}},"63":{"start":{"line":119,"column":8},"end":{"line":122,"column":11}},"64":{"start":{"line":125,"column":0},"end":{"line":125,"column":28}},"65":{"start":{"line":126,"column":20},"end":{"line":141,"column":2}},"66":{"start":{"line":126,"column":34},"end":{"line":141,"column":2}},"67":{"start":{"line":127,"column":19},"end":{"line":127,"column":29}},"68":{"start":{"line":128,"column":4},"end":{"line":140,"column":5}},"69":{"start":{"line":129,"column":21},"end":{"line":129,"column":69}},"70":{"start":{"line":130,"column":8},"end":{"line":133,"column":11}},"71":{"start":{"line":136,"column":8},"end":{"line":139,"column":11}},"72":{"start":{"line":142,"column":0},"end":{"line":142,"column":34}},"73":{"start":{"line":143,"column":19},"end":{"line":170,"column":2}},"74":{"start":{"line":143,"column":33},"end":{"line":170,"column":2}},"75":{"start":{"line":144,"column":19},"end":{"line":144,"column":29}},"76":{"start":{"line":145,"column":4},"end":{"line":169,"column":5}},"77":{"start":{"line":146,"column":21},"end":{"line":146,"column":78}},"78":{"start":{"line":147,"column":8},"end":{"line":152,"column":9}},"79":{"start":{"line":148,"column":12},"end":{"line":151,"column":15}},"80":{"start":{"line":153,"column":8},"end":{"line":158,"column":9}},"81":{"start":{"line":154,"column":12},"end":{"line":157,"column":15}},"82":{"start":{"line":159,"column":8},"end":{"line":162,"column":11}},"83":{"start":{"line":165,"column":8},"end":{"line":168,"column":11}},"84":{"start":{"line":171,"column":0},"end":{"line":171,"column":32}},"85":{"start":{"line":172,"column":19},"end":{"line":204,"column":2}},"86":{"start":{"line":172,"column":33},"end":{"line":204,"column":2}},"87":{"start":{"line":173,"column":19},"end":{"line":173,"column":29}},"88":{"start":{"line":174,"column":4},"end":{"line":203,"column":5}},"89":{"start":{"line":175,"column":21},"end":{"line":175,"column":69}},"90":{"start":{"line":176,"column":46},"end":{"line":176,"column":54}},"91":{"start":{"line":177,"column":8},"end":{"line":182,"column":9}},"92":{"start":{"line":178,"column":12},"end":{"line":181,"column":15}},"93":{"start":{"line":183,"column":8},"end":{"line":185,"column":9}},"94":{"start":{"line":184,"column":12},"end":{"line":184,"column":29}},"95":{"start":{"line":186,"column":8},"end":{"line":188,"column":9}},"96":{"start":{"line":187,"column":12},"end":{"line":187,"column":31}},"97":{"start":{"line":189,"column":8},"end":{"line":191,"column":9}},"98":{"start":{"line":190,"column":12},"end":{"line":190,"column":45}},"99":{"start":{"line":192,"column":8},"end":{"line":192,"column":26}},"100":{"start":{"line":193,"column":8},"end":{"line":196,"column":11}},"101":{"start":{"line":199,"column":8},"end":{"line":202,"column":11}},"102":{"start":{"line":205,"column":0},"end":{"line":205,"column":32}},"103":{"start":{"line":206,"column":23},"end":{"line":206,"column":66}},"104":{"start":{"line":207,"column":0},"end":{"line":215,"column":4}},"105":{"start":{"line":213,"column":4},"end":{"line":213,"column":30}},"106":{"start":{"line":216,"column":0},"end":{"line":218,"column":3}},"107":{"start":{"line":217,"column":4},"end":{"line":217,"column":21}},"108":{"start":{"line":219,"column":0},"end":{"line":221,"column":3}},"109":{"start":{"line":220,"column":4},"end":{"line":220,"column":21}},"110":{"start":{"line":222,"column":0},"end":{"line":222,"column":96}}},"fnMap":{"0":{"name":"(anonymous_0)","decl":{"start":{"line":2,"column":44},"end":{"line":2,"column":45}},"loc":{"start":{"line":2,"column":89},"end":{"line":10,"column":1}},"line":2},"1":{"name":"adopt","decl":{"start":{"line":3,"column":13},"end":{"line":3,"column":18}},"loc":{"start":{"line":3,"column":26},"end":{"line":3,"column":112}},"line":3},"2":{"name":"(anonymous_2)","decl":{"start":{"line":3,"column":70},"end":{"line":3,"column":71}},"loc":{"start":{"line":3,"column":89},"end":{"line":3,"column":108}},"line":3},"3":{"name":"(anonymous_3)","decl":{"start":{"line":4,"column":36},"end":{"line":4,"column":37}},"loc":{"start":{"line":4,"column":63},"end":{"line":9,"column":5}},"line":4},"4":{"name":"fulfilled","decl":{"start":{"line":5,"column":17},"end":{"line":5,"column":26}},"loc":{"start":{"line":5,"column":34},"end":{"line":5,"column":99}},"line":5},"5":{"name":"rejected","decl":{"start":{"line":6,"column":17},"end":{"line":6,"column":25}},"loc":{"start":{"line":6,"column":33},"end":{"line":6,"column":102}},"line":6},"6":{"name":"step","decl":{"start":{"line":7,"column":17},"end":{"line":7,"column":21}},"loc":{"start":{"line":7,"column":30},"end":{"line":7,"column":118}},"line":7},"7":{"name":"(anonymous_7)","decl":{"start":{"line":11,"column":56},"end":{"line":11,"column":57}},"loc":{"start":{"line":11,"column":71},"end":{"line":13,"column":1}},"line":11},"8":{"name":"(anonymous_8)","decl":{"start":{"line":22,"column":21},"end":{"line":22,"column":22}},"loc":{"start":{"line":22,"column":35},"end":{"line":51,"column":2}},"line":22},"9":{"name":"(anonymous_9)","decl":{"start":{"line":22,"column":69},"end":{"line":22,"column":70}},"loc":{"start":{"line":22,"column":82},"end":{"line":51,"column":1}},"line":22},"10":{"name":"(anonymous_10)","decl":{"start":{"line":53,"column":18},"end":{"line":53,"column":19}},"loc":{"start":{"line":53,"column":32},"end":{"line":100,"column":2}},"line":53},"11":{"name":"(anonymous_11)","decl":{"start":{"line":53,"column":66},"end":{"line":53,"column":67}},"loc":{"start":{"line":53,"column":79},"end":{"line":100,"column":1}},"line":53},"12":{"name":"(anonymous_12)","decl":{"start":{"line":102,"column":15},"end":{"line":102,"column":16}},"loc":{"start":{"line":102,"column":29},"end":{"line":108,"column":2}},"line":102},"13":{"name":"(anonymous_13)","decl":{"start":{"line":102,"column":63},"end":{"line":102,"column":64}},"loc":{"start":{"line":102,"column":76},"end":{"line":108,"column":1}},"line":102},"14":{"name":"(anonymous_14)","decl":{"start":{"line":110,"column":17},"end":{"line":110,"column":18}},"loc":{"start":{"line":110,"column":31},"end":{"line":124,"column":2}},"line":110},"15":{"name":"(anonymous_15)","decl":{"start":{"line":110,"column":65},"end":{"line":110,"column":66}},"loc":{"start":{"line":110,"column":78},"end":{"line":124,"column":1}},"line":110},"16":{"name":"(anonymous_16)","decl":{"start":{"line":126,"column":20},"end":{"line":126,"column":21}},"loc":{"start":{"line":126,"column":34},"end":{"line":141,"column":2}},"line":126},"17":{"name":"(anonymous_17)","decl":{"start":{"line":126,"column":68},"end":{"line":126,"column":69}},"loc":{"start":{"line":126,"column":81},"end":{"line":141,"column":1}},"line":126},"18":{"name":"(anonymous_18)","decl":{"start":{"line":143,"column":19},"end":{"line":143,"column":20}},"loc":{"start":{"line":143,"column":33},"end":{"line":170,"column":2}},"line":143},"19":{"name":"(anonymous_19)","decl":{"start":{"line":143,"column":67},"end":{"line":143,"column":68}},"loc":{"start":{"line":143,"column":80},"end":{"line":170,"column":1}},"line":143},"20":{"name":"(anonymous_20)","decl":{"start":{"line":172,"column":19},"end":{"line":172,"column":20}},"loc":{"start":{"line":172,"column":33},"end":{"line":204,"column":2}},"line":172},"21":{"name":"(anonymous_21)","decl":{"start":{"line":172,"column":67},"end":{"line":172,"column":68}},"loc":{"start":{"line":172,"column":80},"end":{"line":204,"column":1}},"line":172},"22":{"name":"(anonymous_22)","decl":{"start":{"line":211,"column":3},"end":{"line":211,"column":4}},"loc":{"start":{"line":211,"column":60},"end":{"line":215,"column":1}},"line":211},"23":{"name":"(anonymous_23)","decl":{"start":{"line":216,"column":33},"end":{"line":216,"column":34}},"loc":{"start":{"line":216,"column":55},"end":{"line":218,"column":1}},"line":216},"24":{"name":"(anonymous_24)","decl":{"start":{"line":219,"column":35},"end":{"line":219,"column":36}},"loc":{"start":{"line":219,"column":57},"end":{"line":221,"column":1}},"line":219}},"branchMap":{"0":{"loc":{"start":{"line":2,"column":16},"end":{"line":10,"column":1}},"type":"binary-expr","locations":[{"start":{"line":2,"column":17},"end":{"line":2,"column":21}},{"start":{"line":2,"column":25},"end":{"line":2,"column":39}},{"start":{"line":2,"column":44},"end":{"line":10,"column":1}}],"line":2},"1":{"loc":{"start":{"line":3,"column":35},"end":{"line":3,"column":109}},"type":"cond-expr","locations":[{"start":{"line":3,"column":56},"end":{"line":3,"column":61}},{"start":{"line":3,"column":64},"end":{"line":3,"column":109}}],"line":3},"2":{"loc":{"start":{"line":4,"column":16},"end":{"line":4,"column":34}},"type":"binary-expr","locations":[{"start":{"line":4,"column":16},"end":{"line":4,"column":17}},{"start":{"line":4,"column":22},"end":{"line":4,"column":33}}],"line":4},"3":{"loc":{"start":{"line":7,"column":32},"end":{"line":7,"column":115}},"type":"cond-expr","locations":[{"start":{"line":7,"column":46},"end":{"line":7,"column":67}},{"start":{"line":7,"column":70},"end":{"line":7,"column":115}}],"line":7},"4":{"loc":{"start":{"line":8,"column":51},"end":{"line":8,"column":67}},"type":"binary-expr","locations":[{"start":{"line":8,"column":51},"end":{"line":8,"column":61}},{"start":{"line":8,"column":65},"end":{"line":8,"column":67}}],"line":8},"5":{"loc":{"start":{"line":11,"column":22},"end":{"line":13,"column":1}},"type":"binary-expr","locations":[{"start":{"line":11,"column":23},"end":{"line":11,"column":27}},{"start":{"line":11,"column":31},"end":{"line":11,"column":51}},{"start":{"line":11,"column":56},"end":{"line":13,"column":1}}],"line":11},"6":{"loc":{"start":{"line":12,"column":11},"end":{"line":12,"column":61}},"type":"cond-expr","locations":[{"start":{"line":12,"column":37},"end":{"line":12,"column":40}},{"start":{"line":12,"column":43},"end":{"line":12,"column":61}}],"line":12},"7":{"loc":{"start":{"line":12,"column":12},"end":{"line":12,"column":33}},"type":"binary-expr","locations":[{"start":{"line":12,"column":12},"end":{"line":12,"column":15}},{"start":{"line":12,"column":19},"end":{"line":12,"column":33}}],"line":12},"8":{"loc":{"start":{"line":26,"column":8},"end":{"line":31,"column":9}},"type":"if","locations":[{"start":{"line":26,"column":8},"end":{"line":31,"column":9}},{"start":{},"end":{}}],"line":26},"9":{"loc":{"start":{"line":57,"column":8},"end":{"line":62,"column":9}},"type":"if","locations":[{"start":{"line":57,"column":8},"end":{"line":62,"column":9}},{"start":{},"end":{}}],"line":57},"10":{"loc":{"start":{"line":64,"column":8},"end":{"line":69,"column":9}},"type":"if","locations":[{"start":{"line":64,"column":8},"end":{"line":69,"column":9}},{"start":{},"end":{}}],"line":64},"11":{"loc":{"start":{"line":147,"column":8},"end":{"line":152,"column":9}},"type":"if","locations":[{"start":{"line":147,"column":8},"end":{"line":152,"column":9}},{"start":{},"end":{}}],"line":147},"12":{"loc":{"start":{"line":153,"column":8},"end":{"line":158,"column":9}},"type":"if","locations":[{"start":{"line":153,"column":8},"end":{"line":158,"column":9}},{"start":{},"end":{}}],"line":153},"13":{"loc":{"start":{"line":177,"column":8},"end":{"line":182,"column":9}},"type":"if","locations":[{"start":{"line":177,"column":8},"end":{"line":182,"column":9}},{"start":{},"end":{}}],"line":177},"14":{"loc":{"start":{"line":183,"column":8},"end":{"line":185,"column":9}},"type":"if","locations":[{"start":{"line":183,"column":8},"end":{"line":185,"column":9}},{"start":{},"end":{}}],"line":183},"15":{"loc":{"start":{"line":186,"column":8},"end":{"line":188,"column":9}},"type":"if","locations":[{"start":{"line":186,"column":8},"end":{"line":188,"column":9}},{"start":{},"end":{}}],"line":186},"16":{"loc":{"start":{"line":189,"column":8},"end":{"line":191,"column":9}},"type":"if","locations":[{"start":{"line":189,"column":8},"end":{"line":191,"column":9}},{"start":{},"end":{}}],"line":189}},"s":{"0":1,"1":0,"2":0,"3":0,"4":0,"5":0,"6":0,"7":0,"8":0,"9":0,"10":0,"11":0,"12":1,"13":5,"14":1,"15":1,"16":1,"17":1,"18":1,"19":1,"20":1,"21":1,"22":1,"23":0,"24":0,"25":0,"26":0,"27":0,"28":0,"29":0,"30":0,"31":0,"32":0,"33":0,"34":0,"35":1,"36":1,"37":0,"38":0,"39":0,"40":0,"41":0,"42":0,"43":0,"44":0,"45":0,"46":0,"47":0,"48":0,"49":0,"50":0,"51":0,"52":1,"53":1,"54":0,"55":0,"56":0,"57":1,"58":1,"59":0,"60":0,"61":0,"62":0,"63":0,"64":1,"65":1,"66":0,"67":0,"68":0,"69":0,"70":0,"71":0,"72":1,"73":1,"74":0,"75":0,"76":0,"77":0,"78":0,"79":0,"80":0,"81":0,"82":0,"83":0,"84":1,"85":1,"86":0,"87":0,"88":0,"89":0,"90":0,"91":0,"92":0,"93":0,"94":0,"95":0,"96":0,"97":0,"98":0,"99":0,"100":0,"101":0,"102":1,"103":1,"104":1,"105":0,"106":1,"107":0,"108":1,"109":0,"110":1},"f":{"0":0,"1":0,"2":0,"3":0,"4":0,"5":0,"6":0,"7":5,"8":0,"9":0,"10":0,"11":0,"12":0,"13":0,"14":0,"15":0,"16":0,"17":0,"18":0,"19":0,"20":0,"21":0,"22":0,"23":0,"24":0},"b":{"0":[1,1,1],"1":[0,0],"2":[0,0],"3":[0,0],"4":[0,0],"5":[1,1,1],"6":[1,4],"7":[5,5],"8":[0,0],"9":[0,0],"10":[0,0],"11":[0,0],"12":[0,0],"13":[0,0],"14":[0,0],"15":[0,0],"16":[0,0]},"inputSourceMap":null,"_coverageSchema":"1a1c01bbd47fc00a2c39e90264f33305004495a9","hash":"c953a88a1743226831d65e9cd3362342e4f67df3"}
,"/home/actrox/Documents/andela/my-brand-back-end/build/controllers/user/userValidator.js": {"path":"/home/actrox/Documents/andela/my-brand-back-end/build/controllers/user/userValidator.js","statementMap":{"0":{"start":{"line":2,"column":22},"end":{"line":4,"column":1}},"1":{"start":{"line":3,"column":4},"end":{"line":3,"column":62}},"2":{"start":{"line":5,"column":0},"end":{"line":5,"column":62}},"3":{"start":{"line":6,"column":0},"end":{"line":6,"column":56}},"4":{"start":{"line":7,"column":14},"end":{"line":7,"column":45}},"5":{"start":{"line":8,"column":26},"end":{"line":12,"column":2}},"6":{"start":{"line":13,"column":14},"end":{"line":16,"column":2}},"7":{"start":{"line":17,"column":22},"end":{"line":27,"column":1}},"8":{"start":{"line":18,"column":20},"end":{"line":18,"column":28}},"9":{"start":{"line":19,"column":22},"end":{"line":19,"column":57}},"10":{"start":{"line":20,"column":4},"end":{"line":25,"column":5}},"11":{"start":{"line":21,"column":8},"end":{"line":24,"column":11}},"12":{"start":{"line":26,"column":4},"end":{"line":26,"column":11}},"13":{"start":{"line":28,"column":0},"end":{"line":28,"column":38}},"14":{"start":{"line":29,"column":23},"end":{"line":39,"column":1}},"15":{"start":{"line":30,"column":20},"end":{"line":30,"column":28}},"16":{"start":{"line":31,"column":22},"end":{"line":31,"column":45}},"17":{"start":{"line":32,"column":4},"end":{"line":37,"column":5}},"18":{"start":{"line":33,"column":8},"end":{"line":36,"column":11}},"19":{"start":{"line":38,"column":4},"end":{"line":38,"column":11}},"20":{"start":{"line":40,"column":0},"end":{"line":40,"column":40}}},"fnMap":{"0":{"name":"(anonymous_0)","decl":{"start":{"line":2,"column":56},"end":{"line":2,"column":57}},"loc":{"start":{"line":2,"column":71},"end":{"line":4,"column":1}},"line":2},"1":{"name":"(anonymous_1)","decl":{"start":{"line":17,"column":22},"end":{"line":17,"column":23}},"loc":{"start":{"line":17,"column":42},"end":{"line":27,"column":1}},"line":17},"2":{"name":"(anonymous_2)","decl":{"start":{"line":29,"column":23},"end":{"line":29,"column":24}},"loc":{"start":{"line":29,"column":43},"end":{"line":39,"column":1}},"line":29}},"branchMap":{"0":{"loc":{"start":{"line":2,"column":22},"end":{"line":4,"column":1}},"type":"binary-expr","locations":[{"start":{"line":2,"column":23},"end":{"line":2,"column":27}},{"start":{"line":2,"column":31},"end":{"line":2,"column":51}},{"start":{"line":2,"column":56},"end":{"line":4,"column":1}}],"line":2},"1":{"loc":{"start":{"line":3,"column":11},"end":{"line":3,"column":61}},"type":"cond-expr","locations":[{"start":{"line":3,"column":37},"end":{"line":3,"column":40}},{"start":{"line":3,"column":43},"end":{"line":3,"column":61}}],"line":3},"2":{"loc":{"start":{"line":3,"column":12},"end":{"line":3,"column":33}},"type":"binary-expr","locations":[{"start":{"line":3,"column":12},"end":{"line":3,"column":15}},{"start":{"line":3,"column":19},"end":{"line":3,"column":33}}],"line":3},"3":{"loc":{"start":{"line":20,"column":4},"end":{"line":25,"column":5}},"type":"if","locations":[{"start":{"line":20,"column":4},"end":{"line":25,"column":5}},{"start":{},"end":{}}],"line":20},"4":{"loc":{"start":{"line":32,"column":4},"end":{"line":37,"column":5}},"type":"if","locations":[{"start":{"line":32,"column":4},"end":{"line":37,"column":5}},{"start":{},"end":{}}],"line":32}},"s":{"0":1,"1":1,"2":1,"3":1,"4":1,"5":1,"6":1,"7":1,"8":0,"9":0,"10":0,"11":0,"12":0,"13":1,"14":1,"15":0,"16":0,"17":0,"18":0,"19":0,"20":1},"f":{"0":1,"1":0,"2":0},"b":{"0":[1,1,1],"1":[0,1],"2":[1,1],"3":[0,0],"4":[0,0]},"inputSourceMap":null,"_coverageSchema":"1a1c01bbd47fc00a2c39e90264f33305004495a9","hash":"916f7a5c7c533ad2018e9421e3a2a3370a1b34df"}
,"/home/actrox/Documents/andela/my-brand-back-end/build/middlewares/adminPermission.js": {"path":"/home/actrox/Documents/andela/my-brand-back-end/build/middlewares/adminPermission.js","statementMap":{"0":{"start":{"line":2,"column":22},"end":{"line":4,"column":1}},"1":{"start":{"line":3,"column":4},"end":{"line":3,"column":62}},"2":{"start":{"line":5,"column":0},"end":{"line":5,"column":62}},"3":{"start":{"line":6,"column":22},"end":{"line":6,"column":61}},"4":{"start":{"line":7,"column":25},"end":{"line":7,"column":46}},"5":{"start":{"line":9,"column":22},"end":{"line":9,"column":58}},"6":{"start":{"line":9,"column":32},"end":{"line":9,"column":58}},"7":{"start":{"line":10,"column":4},"end":{"line":23,"column":6}},"8":{"start":{"line":11,"column":8},"end":{"line":18,"column":9}},"9":{"start":{"line":12,"column":12},"end":{"line":14,"column":13}},"10":{"start":{"line":13,"column":16},"end":{"line":13,"column":30}},"11":{"start":{"line":15,"column":12},"end":{"line":17,"column":13}},"12":{"start":{"line":16,"column":16},"end":{"line":16,"column":30}},"13":{"start":{"line":19,"column":8},"end":{"line":22,"column":11}},"14":{"start":{"line":25,"column":0},"end":{"line":25,"column":25}}},"fnMap":{"0":{"name":"(anonymous_0)","decl":{"start":{"line":2,"column":56},"end":{"line":2,"column":57}},"loc":{"start":{"line":2,"column":71},"end":{"line":4,"column":1}},"line":2},"1":{"name":"permit","decl":{"start":{"line":8,"column":9},"end":{"line":8,"column":15}},"loc":{"start":{"line":8,"column":28},"end":{"line":24,"column":1}},"line":8},"2":{"name":"(anonymous_2)","decl":{"start":{"line":9,"column":22},"end":{"line":9,"column":23}},"loc":{"start":{"line":9,"column":32},"end":{"line":9,"column":58}},"line":9},"3":{"name":"(anonymous_3)","decl":{"start":{"line":10,"column":11},"end":{"line":10,"column":12}},"loc":{"start":{"line":10,"column":31},"end":{"line":23,"column":5}},"line":10}},"branchMap":{"0":{"loc":{"start":{"line":2,"column":22},"end":{"line":4,"column":1}},"type":"binary-expr","locations":[{"start":{"line":2,"column":23},"end":{"line":2,"column":27}},{"start":{"line":2,"column":31},"end":{"line":2,"column":51}},{"start":{"line":2,"column":56},"end":{"line":4,"column":1}}],"line":2},"1":{"loc":{"start":{"line":3,"column":11},"end":{"line":3,"column":61}},"type":"cond-expr","locations":[{"start":{"line":3,"column":37},"end":{"line":3,"column":40}},{"start":{"line":3,"column":43},"end":{"line":3,"column":61}}],"line":3},"2":{"loc":{"start":{"line":3,"column":12},"end":{"line":3,"column":33}},"type":"binary-expr","locations":[{"start":{"line":3,"column":12},"end":{"line":3,"column":15}},{"start":{"line":3,"column":19},"end":{"line":3,"column":33}}],"line":3},"3":{"loc":{"start":{"line":11,"column":8},"end":{"line":18,"column":9}},"type":"if","locations":[{"start":{"line":11,"column":8},"end":{"line":18,"column":9}},{"start":{},"end":{}}],"line":11},"4":{"loc":{"start":{"line":12,"column":12},"end":{"line":14,"column":13}},"type":"if","locations":[{"start":{"line":12,"column":12},"end":{"line":14,"column":13}},{"start":{},"end":{}}],"line":12},"5":{"loc":{"start":{"line":15,"column":12},"end":{"line":17,"column":13}},"type":"if","locations":[{"start":{"line":15,"column":12},"end":{"line":17,"column":13}},{"start":{},"end":{}}],"line":15}},"s":{"0":1,"1":1,"2":1,"3":1,"4":1,"5":12,"6":0,"7":12,"8":0,"9":0,"10":0,"11":0,"12":0,"13":0,"14":1},"f":{"0":1,"1":12,"2":0,"3":0},"b":{"0":[1,1,1],"1":[0,1],"2":[1,1],"3":[0,0],"4":[0,0],"5":[0,0]},"inputSourceMap":null,"_coverageSchema":"1a1c01bbd47fc00a2c39e90264f33305004495a9","hash":"2c21ccd038bb304aec4bfc9739ececfbb16a1c38"}
,"/home/actrox/Documents/andela/my-brand-back-end/build/middlewares/authorization.js": {"path":"/home/actrox/Documents/andela/my-brand-back-end/build/middlewares/authorization.js","statementMap":{"0":{"start":{"line":2,"column":16},"end":{"line":10,"column":1}},"1":{"start":{"line":3,"column":28},"end":{"line":3,"column":110}},"2":{"start":{"line":3,"column":91},"end":{"line":3,"column":106}},"3":{"start":{"line":4,"column":4},"end":{"line":9,"column":7}},"4":{"start":{"line":5,"column":36},"end":{"line":5,"column":97}},"5":{"start":{"line":5,"column":42},"end":{"line":5,"column":70}},"6":{"start":{"line":5,"column":85},"end":{"line":5,"column":95}},"7":{"start":{"line":6,"column":35},"end":{"line":6,"column":100}},"8":{"start":{"line":6,"column":41},"end":{"line":6,"column":73}},"9":{"start":{"line":6,"column":88},"end":{"line":6,"column":98}},"10":{"start":{"line":7,"column":32},"end":{"line":7,"column":116}},"11":{"start":{"line":8,"column":8},"end":{"line":8,"column":78}},"12":{"start":{"line":11,"column":22},"end":{"line":13,"column":1}},"13":{"start":{"line":12,"column":4},"end":{"line":12,"column":62}},"14":{"start":{"line":14,"column":0},"end":{"line":14,"column":62}},"15":{"start":{"line":15,"column":23},"end":{"line":15,"column":63}},"16":{"start":{"line":16,"column":22},"end":{"line":16,"column":61}},"17":{"start":{"line":17,"column":36},"end":{"line":17,"column":57}},"18":{"start":{"line":18,"column":13},"end":{"line":52,"column":2}},"19":{"start":{"line":18,"column":33},"end":{"line":52,"column":2}},"20":{"start":{"line":19,"column":4},"end":{"line":24,"column":5}},"21":{"start":{"line":20,"column":8},"end":{"line":23,"column":11}},"22":{"start":{"line":25,"column":18},"end":{"line":25,"column":57}},"23":{"start":{"line":26,"column":4},"end":{"line":51,"column":5}},"24":{"start":{"line":27,"column":8},"end":{"line":30,"column":11}},"25":{"start":{"line":33,"column":8},"end":{"line":50,"column":11}},"26":{"start":{"line":34,"column":12},"end":{"line":49,"column":13}},"27":{"start":{"line":35,"column":16},"end":{"line":37,"column":19}},"28":{"start":{"line":39,"column":17},"end":{"line":49,"column":13}},"29":{"start":{"line":40,"column":16},"end":{"line":40,"column":51}},"30":{"start":{"line":41,"column":16},"end":{"line":41,"column":46}},"31":{"start":{"line":42,"column":16},"end":{"line":42,"column":23}},"32":{"start":{"line":45,"column":16},"end":{"line":48,"column":19}},"33":{"start":{"line":53,"column":0},"end":{"line":53,"column":23}}},"fnMap":{"0":{"name":"(anonymous_0)","decl":{"start":{"line":2,"column":44},"end":{"line":2,"column":45}},"loc":{"start":{"line":2,"column":89},"end":{"line":10,"column":1}},"line":2},"1":{"name":"adopt","decl":{"start":{"line":3,"column":13},"end":{"line":3,"column":18}},"loc":{"start":{"line":3,"column":26},"end":{"line":3,"column":112}},"line":3},"2":{"name":"(anonymous_2)","decl":{"start":{"line":3,"column":70},"end":{"line":3,"column":71}},"loc":{"start":{"l
[...]
},"93":{"start":{"line":215,"column":2},"end":{"line":215,"column":19}},"94":{"start":{"line":218,"column":13},"end":{"line":218,"column":90}}},"fnMap":{"0":{"name":"(anonymous_8)","decl":{"start":{"line":10,"column":28},"end":{"line":10,"column":35}},"loc":{"start":{"line":10,"column":66},"end":{"line":38,"column":2}}},"1":{"name":"(anonymous_9)","decl":{"start":{"line":10,"column":66},"end":{"line":10,"column":null}},"loc":{"start":{"line":10,"column":66},"end":{"line":38,"column":1}}},"2":{"name":"(anonymous_10)","decl":{"start":{"line":40,"column":25},"end":{"line":40,"column":32}},"loc":{"start":{"line":40,"column":63},"end":{"line":91,"column":2}}},"3":{"name":"(anonymous_11)","decl":{"start":{"line":40,"column":63},"end":{"line":40,"column":null}},"loc":{"start":{"line":40,"column":63},"end":{"line":91,"column":1}}},"4":{"name":"(anonymous_12)","decl":{"start":{"line":93,"column":22},"end":{"line":93,"column":29}},"loc":{"start":{"line":93,"column":60},"end":{"line":99,"column":2}}},"5":{"name":"(anonymous_13)","decl":{"start":{"line":93,"column":60},"end":{"line":93,"column":null}},"loc":{"start":{"line":93,"column":60},"end":{"line":99,"column":1}}},"6":{"name":"(anonymous_14)","decl":{"start":{"line":101,"column":24},"end":{"line":101,"column":31}},"loc":{"start":{"line":101,"column":62},"end":{"line":114,"column":2}}},"7":{"name":"(anonymous_15)","decl":{"start":{"line":101,"column":62},"end":{"line":101,"column":null}},"loc":{"start":{"line":101,"column":62},"end":{"line":114,"column":1}}},"8":{"name":"(anonymous_16)","decl":{"start":{"line":116,"column":27},"end":{"line":116,"column":34}},"loc":{"start":{"line":116,"column":65},"end":{"line":130,"column":2}}},"9":{"name":"(anonymous_17)","decl":{"start":{"line":116,"column":65},"end":{"line":116,"column":null}},"loc":{"start":{"line":116,"column":65},"end":{"line":130,"column":1}}},"10":{"name":"(anonymous_18)","decl":{"start":{"line":132,"column":26},"end":{"line":132,"column":33}},"loc":{"start":{"line":132,"column":64},"end":{"line":160,"column":2}}},"11":{"name":"(anonymous_19)","decl":{"start":{"line":132,"column":64},"end":{"line":132,"column":null}},"loc":{"start":{"line":132,"column":64},"end":{"line":160,"column":1}}},"12":{"name":"(anonymous_20)","decl":{"start":{"line":162,"column":26},"end":{"line":162,"column":33}},"loc":{"start":{"line":162,"column":64},"end":{"line":194,"column":2}}},"13":{"name":"(anonymous_21)","decl":{"start":{"line":162,"column":64},"end":{"line":162,"column":null}},"loc":{"start":{"line":162,"column":64},"end":{"line":194,"column":1}}},"14":{"name":"(anonymous_22)","decl":{"start":{"line":205,"column":2},"end":{"line":205,"column":11}},"loc":{"start":{"line":205,"column":77},"end":{"line":209,"column":3}}},"15":{"name":"(anonymous_23)","decl":{"start":{"line":211,"column":23},"end":{"line":211,"column":32}},"loc":{"start":{"line":211,"column":42},"end":{"line":213,"column":1}}},"16":{"name":"(anonymous_24)","decl":{"start":{"line":214,"column":25},"end":{"line":214,"column":34}},"loc":{"start":{"line":214,"column":48},"end":{"line":216,"column":1}}}},"branchMap":{"0":{"loc":{"start":{"line":14,"column":4},"end":{"line":19,"column":5}},"type":"if","locations":[{"start":{"line":14,"column":4},"end":{"line":19,"column":5}}]},"1":{"loc":{"start":{"line":44,"column":4},"end":{"line":49,"column":5}},"type":"if","locations":[{"start":{"line":44,"column":4},"end":{"line":49,"column":5}}]},"2":{"loc":{"start":{"line":51,"column":4},"end":{"line":56,"column":5}},"type":"if","locations":[{"start":{"line":51,"column":4},"end":{"line":56,"column":5}}]},"3":{"loc":{"start":{"line":137,"column":4},"end":{"line":142,"column":5}},"type":"if","locations":[{"start":{"line":137,"column":4},"end":{"line":142,"column":5}}]},"4":{"loc":{"start":{"line":143,"column":4},"end":{"line":148,"column":5}},"type":"if","locations":[{"start":{"line":143,"column":4},"end":{"line":148,"column":5}}]},"5":{"loc":{"start":{"line":168,"column":4},"end":{"line":173,"column":5}},"type":"if","locations":[{"start":{"line":168,"column":4},"end":{"line":173,"column":5}}]},"6":{"loc":{"start":{"line":174,"column":4},"end":{"line":176,"column":5}},"type":"if","locations":[{"start":{"line":174,"column":4},"end":{"line":176,"column":5}}]},"7":{"loc":{"start":{"line":177,"column":4},"end":{"line":179,"column":5}},"type":"if","locations":[{"start":{"line":177,"column":4},"end":{"line":179,"column":5}}]},"8":{"loc":{"start":{"line":180,"column":4},"end":{"line":182,"column":5}},"type":"if","locations":[{"start":{"line":180,"column":4},"end":{"line":182,"column":5}}]}},"s":{"0":1,"1":1,"2":1,"3":1,"4":1,"5":1,"6":1,"7":0,"8":0,"9":0,"10":0,"11":0,"12":0,"13":0,"14":0,"15":0,"16":0,"17":0,"18":0,"19":1,"20":1,"21":0,"22":0,"23":0,"24":0,"25":0,"26":0,"27":0,"28":0,"29":0,"30":0,"31":0,"32":0,"33":0,"34":0,"35":0,"36":1,"37":1,"38":0,"39":0,"40":0,"41":1,"42":1,"43":0,"44":0,"45":0,"46":0,"47":0,"48":1,"49":1,"50":0,"51":0,"52":0,"53":0,"54":0,"55":0,"56":1,"57":1,"58":0,"59":0,"60":0,"61":0,"62":0,"63":0,"64":0,"65":0,"66":0,"67":0,"68":1,"69":1,"70":0,"71":0,"72":0,"73":0,"74":0,"75":0,"76":0,"77":0,"78":0,"79":0,"80":0,"81":0,"82":0,"83":0,"84":0,"85":0,"86":1,"87":1,"88":1,"89":0,"90":1,"91":0,"92":1,"93":0,"94":1},"f":{"0":0,"1":0,"2":0,"3":0,"4":0,"5":0,"6":0,"7":0,"8":0,"9":0,"10":0,"11":0,"12":0,"13":0,"14":0,"15":0,"16":0},"b":{"0":[0],"1":[0],"2":[0],"3":[0],"4":[0],"5":[0],"6":[0],"7":[0],"8":[0]}}
,"/home/actrox/Documents/andela/my-brand-back-end/src/controllers/user/userValidator.ts": {"path":"/home/actrox/Documents/andela/my-brand-back-end/src/controllers/user/userValidator.ts","statementMap":{"0":{"start":{"line":2,"column":0},"end":{"line":2,"column":22}},"1":{"start":{"line":4,"column":26},"end":{"line":8,"column":2}},"2":{"start":{"line":10,"column":14},"end":{"line":13,"column":2}},"3":{"start":{"line":15,"column":22},"end":{"line":25,"column":1}},"4":{"start":{"line":16,"column":20},"end":{"line":16,"column":28}},"5":{"start":{"line":17,"column":22},"end":{"line":17,"column":57}},"6":{"start":{"line":18,"column":4},"end":{"line":23,"column":5}},"7":{"start":{"line":19,"column":8},"end":{"line":22,"column":11}},"8":{"start":{"line":24,"column":4},"end":{"line":24,"column":11}},"9":{"start":{"line":39,"column":9},"end":{"line":39,"column":22}},"10":{"start":{"line":27,"column":23},"end":{"line":37,"column":1}},"11":{"start":{"line":28,"column":20},"end":{"line":28,"column":28}},"12":{"start":{"line":29,"column":22},"end":{"line":29,"column":45}},"13":{"start":{"line":30,"column":4},"end":{"line":35,"column":5}},"14":{"start":{"line":31,"column":8},"end":{"line":34,"column":11}},"15":{"start":{"line":36,"column":4},"end":{"line":36,"column":11}},"16":{"start":{"line":39,"column":24},"end":{"line":39,"column":38}}},"fnMap":{"0":{"name":"(anonymous_1)","decl":{"start":{"line":15,"column":22},"end":{"line":15,"column":23}},"loc":{"start":{"line":15,"column":74},"end":{"line":25,"column":1}}},"1":{"name":"(anonymous_2)","decl":{"start":{"line":27,"column":23},"end":{"line":27,"column":24}},"loc":{"start":{"line":27,"column":75},"end":{"line":37,"column":1}}}},"branchMap":{"0":{"loc":{"start":{"line":18,"column":4},"end":{"line":23,"column":5}},"type":"if","locations":[{"start":{"line":18,"column":4},"end":{"line":23,"column":5}}]},"1":{"loc":{"start":{"line":30,"column":4},"end":{"line":35,"column":5}},"type":"if","locations":[{"start":{"line":30,"column":4},"end":{"line":35,"column":5}}]}},"s":{"0":1,"1":1,"2":1,"3":1,"4":0,"5":0,"6":0,"7":0,"8":0,"9":1,"10":1,"11":0,"12":0,"13":0,"14":0,"15":0,"16":1},"f":{"0":0,"1":0},"b":{"0":[0],"1":[0]}}
,"/home/actrox/Documents/andela/my-brand-back-end/src/middlewares/adminPermission.ts": {"path":"/home/actrox/Documents/andela/my-brand-back-end/src/middlewares/adminPermission.ts","statementMap":{"0":{"start":{"line":2,"column":0},"end":{"line":2,"column":30}},"1":{"start":{"line":3,"column":25},"end":{"line":3,"column":28}},"2":{"start":{"line":6,"column":20},"end":{"line":6,"column":61}},"3":{"start":{"line":6,"column":35},"end":{"line":6,"column":61}},"4":{"start":{"line":7,"column":2},"end":{"line":21,"column":4}},"5":{"start":{"line":9,"column":4},"end":{"line":16,"column":5}},"6":{"start":{"line":10,"column":6},"end":{"line":12,"column":7}},"7":{"start":{"line":11,"column":8},"end":{"line":11,"column":22}},"8":{"start":{"line":13,"column":6},"end":{"line":15,"column":7}},"9":{"start":{"line":14,"column":8},"end":{"line":14,"column":22}},"10":{"start":{"line":17,"column":4},"end":{"line":20,"column":7}},"11":{"start":{"line":5,"column":0},"end":{"line":5,"column":24}}},"fnMap":{"0":{"name":"permit","decl":{"start":{"line":5,"column":24},"end":{"line":5,"column":30}},"loc":{"start":{"line":5,"column":51},"end":{"line":22,"column":1}}},"1":{"name":"(anonymous_2)","decl":{"start":{"line":6,"column":20},"end":{"line":6,"column":21}},"loc":{"start":{"line":6,"column":35},"end":{"line":6,"column":61}}},"2":{"name":"(anonymous_3)","decl":{"start":{"line":7,"column":9},"end":{"line":7,"column":10}},"loc":{"start":{"line":7,"column":61},"end":{"line":21,"column":3}}}},"branchMap":{"0":{"loc":{"start":{"line":9,"column":4},"end":{"line":16,"column":5}},"type":"if","locations":[{"start":{"line":9,"column":4},"end":{"line":16,"column":5}}]},"1":{"loc":{"start":{"line":10,"column":6},"end":{"line":12,"column":7}},"type":"if","locations":[{"start":{"line":10,"column":6},"end":{"line":12,"column":7}}]},"2":{"loc":{"start":{"line":13,"column":6},"end":{"line":15,"column":7}},"type":"if","locations":[{"start":{"line":13,"column":6},"end":{"line":15,"column":7}}]}},"s":{"0":1,"1":1,"2":12,"3":0,"4":12,"5":0,"6":0,"7":0,"8":0,"9":0,"10":0,"11":1},"f":{"0":12,"1":0,"2":0},"b":{"0":[0],"1":[0],"2":[0]}}
,"/home/actrox/Documents/andela/my-brand-back-end/src/middlewares/authorization.ts": {"path":"/home/actrox/Documents/andela/my-brand-back-end/src/middlewares/authorization.ts","statementMap":{"0":{"start":{"line":1,"column":0},"end":{"line":1,"column":31}},"1":{"start":{"line":3,"column":0},"end":{"line":3,"column":30}},"2":{"start":{"line":5,"column":34},"end":{"line":5,"column":37}},"3":{"start":{"line":7,"column":13},"end":{"line":43,"column":null}},"4":{"start":{"line":7,"column":71},"end":{"line":43,"column":null}},"5":{"start":{"line":9,"column":4},"end":{"line":13,"column":5}},"6":{"start":{"line":10,"column":8},"end":{"line":12,"column":39}},"7":{"start":{"line":15,"column":18},"end":{"line":15,"column":57}},"8":{"start":{"line":17,"column":4},"end":{"line":42,"column":5}},"9":{"start":{"line":18,"column":8},"end":{"line":20,"column":39}},"10":{"start":{"line":23,"column":8},"end":{"line":41,"column":11}},"11":{"start":{"line":26,"column":12},"end":{"line":40,"column":13}},"12":{"start":{"line":27,"column":16},"end":{"line":30,"column":23}},"13":{"start":{"line":32,"column":17},"end":{"line":40,"column":13}},"14":{"start":{"line":33,"column":16},"end":{"line":33,"column":51}},"15":{"start":{"line":34,"column":16},"end":{"line":34,"column":46}},"16":{"start":{"line":35,"column":16},"end":{"line":35,"column":23}},"17":{"start":{"line":37,"column":16},"end":{"line":39,"column":null}},"18":{"start":{"line":45,"column":0},"end":{"line":45,"column":20}}},"fnMap":{"0":{"name":"(anonymous_8)","decl":{"start":{"line":7,"column":13},"end":{"line":7,"column":20}},"loc":{"start":{"line":7,"column":71},"end":{"line":43,"column":null}}},"1":{"name":"(anonymous_9)","decl":{"start":{"line":7,"column":71},"end":{"line":7,"column":null}},"loc":{"start":{"line":7,"column":71},"end":{"line":43,"column":1}}},"2":{"name":"(anonymous_10)","decl":{"start":{"line":25,"column":8},"end":{"line":25,"column":9}},"loc":{"start":{"line":25,"column":35},"end":{"line":41,"column":9}}}},"branchMap":{"0":{"loc":{"start":{"line":9,"column":4},"end":{"line":13,"column":5}},"type":"if","locations":[{"start":{"line":9,"column":4},"end":{"line":13,"column":5}}]},"1":{"loc":{"start":{"line":9,"column":7},"end":{"line":9,"column":84}},"type":"binary-expr","locations":[{"start":{"line":9,"column":7},"end":{"line":9,"column":46}},{"start":{"line":9,"column":50},"end":{"line":9,"column":84}}]},"2":{"loc":{"start":{"line":17,"column":4},"end":{"line":42,"column":5}},"type":"if","locations":[{"start":{"line":17,"column":4},"end":{"line":42,"column":5}},{"start":{"line":22,"column":9},"end":{"line":42,"column":5}}]},"3":{"loc":{"start":{"line":17,"column":7},"end":{"line":17,"column":44}},"type":"binary-expr","locations":[{"start":{"line":17,"column":7},"end":{"line":17,"column":26}},{"start":{"line":17,"column":30},"end":{"line":17,"column":44}}]},"4":{"loc":{"start":{"line":26,"column":12},"end":{"line":40,"column":13}},"type":"if","locations":[{"start":{"line":26,"column":12},"end":{"line":40,"column":13}},{"start":{"line":32,"column":17},"end":{"line":40,"column":13}}]},"5":{"loc":{"start":{"line":32,"column":17},"end":{"line":40,"column":13}},"type":"if","locations":[{"start":{"line":32,"column":17},"end":{"line":40,"column":13}},{"start":{"line":36,"column":17},"end":{"line":40,"column":13}}]}},"s":{"0":1,"1":1,"2":1,"3":1,"4":0,"5":0,"6":0,"7":0,"8":0,"9":0,"10":0,"11":0,"12":0,"13":0,"14":0,"15":0,"16":0,"17":0,"18":1},"f":{"0":0,"1":0,"2":0},"b":{"0":[0],"1":[0,0],"2":[0,0],"3":[0,0],"4":[0,0],"5":[0,0]}}
,"/home/actrox/Documents/andela/my-brand-back-end/src/models/articleModel.ts": {"path":"/home/actrox/Documents/andela/my-brand-back-end/src/models/articleModel.ts","statementMap":{"0":{"start":{"line":1,"column":0},"end":{"line":1,"column":51}},"1":{"start":{"line":11,"column":22},"end":{"line":31,"column":null}},"2":{"start":{"line":33,"column":17},"end":{"line":33,"column":62}},"3":{"start":{"line":34,"column":0},"end":{"line":34,"column":24}}},"fnMap":{},"branchMap":{},"s":{"0":2,"1":2,"2":2,"3":2},"f":{},"b":{}}
,"/home/actrox/Documents/andela/my-brand-back-end/src/models/messageModel.ts": {"path":"/home/actrox/Documents/andela/my-brand-back-end/src/models/messageModel.ts","statementMap":{"0":{"start":{"line":1,"column":0},"end":{"line":1,"column":51}},"1":{"start":{"line":10,"column":22},"end":{"line":27,"column":null}},"2":{"start":{"line":30,"column":16},"end":{"line":30,"column":56}},"3":{"start":{"line":31,"column":0},"end":{"line":31,"column":null}}},"fnMap":{},"branchMap":{},"s":{"0":2,"1":2,"2":2,"3":2},"f":{},"b":{}}
,"/home/actrox/Documents/andela/my-brand-back-end/src/models/userModels.ts": {"path":"/home/actrox/Documents/andela/my-brand-back-end/src/models/userModels.ts","statementMap":{"0":{"start":{"line":1,"column":0},"end":{"line":1,"column":51}},"1":{"start":{"line":11,"column":19},"end":{"line":34,"column":null}},"2":{"start":{"line":37,"column":14},"end":{"line":37,"column":45}},"3":{"start":{"line":38,"column":0},"end":{"line":38,"column":21}}},"fnMap":{},"branchMap":{},"s":{"0":1,"1":1,"2":1,"3":1},"f":{},"b":{}}
,"/home/actrox/Documents/andela/my-brand-back-end/src/routes/articleRouter.ts": {"path":"/home/actrox/Documents/andela/my-brand-back-end/src/routes/articleRouter.ts","statementMap":{"0":{"start":{"line":1,"column":0},"end":{"line":1,"column":30}},"1":{"start":{"line":2,"column":0},"end":{"line":2,"column":null}},"2":{"start":{"line":9,"column":0},"end":{"line":9,"column":34}},"3":{"start":{"line":10,"column":0},"end":{"line":10,"column":48}},"4":{"start":{"line":11,"column":0},"end":{"line":11,"column":52}},"5":{"start":{"line":12,"column":0},"end":{"line":12,"column":71}},"6":{"start":{"line":14,"column":15},"end":{"line":14,"column":31}},"7":{"start":{"line":16,"column":0},"end":{"line":27,"column":64}},"8":{"start":{"line":29,"column":0},"end":{"line":29,"column":22}}},"fnMap":{},"branchMap":{},"s":{"0":1,"1":1,"2":1,"3":1,"4":1,"5":1,"6":1,"7":1,"8":1},"f":{},"b":{}}
,"/home/actrox/Documents/andela/my-brand-back-end/src/routes/authRouter.ts": {"path":"/home/actrox/Documents/andela/my-brand-back-end/src/routes/authRouter.ts","statementMap":{"0":{"start":{"line":1,"column":0},"end":{"line":1,"column":30}},"1":{"start":{"line":2,"column":0},"end":{"line":2,"column":null}},"2":{"start":{"line":12,"column":0},"end":{"line":12,"column":34}},"3":{"start":{"line":13,"column":0},"end":{"line":13,"column":48}},"4":{"start":{"line":14,"column":0},"end":{"line":14,"column":52}},"5":{"start":{"line":15,"column":0},"end":{"line":15,"column":null}},"6":{"start":{"line":20,"column":15},"end":{"line":20,"column":31}},"7":{"start":{"line":21,"column":0},"end":{"line":29,"column":73}},"8":{"start":{"line":31,"column":0},"end":{"line":31,"column":22}}},"fnMap":{},"branchMap":{},"s":{"0":1,"1":1,"2":1,"3":1,"4":1,"5":1,"6":1,"7":1,"8":1},"f":{},"b":{}}
,"/home/actrox/Documents/andela/my-brand-back-end/src/routes/commentRouter.ts": {"path":"/home/actrox/Documents/andela/my-brand-back-end/src/routes/commentRouter.ts","statementMap":{"0":{"start":{"line":1,"column":0},"end":{"line":1,"column":30}},"1":{"start":{"line":2,"column":0},"end":{"line":2,"column":null}},"2":{"start":{"line":6,"column":0},"end":{"line":6,"column":34}},"3":{"start":{"line":7,"column":0},"end":{"line":7,"column":48}},"4":{"start":{"line":8,"column":0},"end":{"line":8,"column":52}},"5":{"start":{"line":10,"column":0},"end":{"line":10,"column":71}},"6":{"start":{"line":12,"column":15},"end":{"line":12,"column":31}},"7":{"start":{"line":14,"column":0},"end":{"line":16,"column":null}},"8":{"start":{"line":18,"column":0},"end":{"line":18,"column":22}}},"fnMap":{},"branchMap":{},"s":{"0":1,"1":1,"2":1,"3":1,"4":1,"5":1,"6":1,"7":1,"8":1},"f":{},"b":{}}
,"/home/actrox/Documents/andela/my-brand-back-end/src/routes/messageRouter.ts": {"path":"/home/actrox/Documents/andela/my-brand-back-end/src/routes/messageRouter.ts","statementMap":{"0":{"start":{"line":1,"column":0},"end":{"line":1,"column":30}},"1":{"start":{"line":3,"column":0},"end":{"line":3,"column":null}},"2":{"start":{"line":9,"column":0},"end":{"line":9,"column":34}},"3":{"start":{"line":10,"column":0},"end":{"line":10,"column":48}},"4":{"start":{"line":11,"column":0},"end":{"line":11,"column":52}},"5":{"start":{"line":12,"column":0},"end":{"line":12,"column":71}},"6":{"start":{"line":14,"column":15},"end":{"line":14,"column":31}},"7":{"start":{"line":16,"column":0},"end":{"line":20,"column":59}},"8":{"start":{"line":22,"column":0},"end":{"line":22,"column":22}}},"fnMap":{},"branchMap":{},"s":{"0":1,"1":1,"2":1,"3":1,"4":1,"5":1,"6":1,"7":1,"8":1},"f":{},"b":{}}
,"/home/actrox/Documents/andela/my-brand-back-end/src/routes/routes.ts": {"path":"/home/actrox/Documents/andela/my-brand-back-end/src/routes/routes.ts","statementMap":{"0":{"start":{"line":1,"column":0},"end":{"line":1,"column":30}},"1":{"start":{"line":2,"column":0},"end":{"line":2,"column":43}},"2":{"start":{"line":3,"column":0},"end":{"line":3,"column":63}},"3":{"start":{"line":4,"column":0},"end":{"line":4,"column":44}},"4":{"start":{"line":5,"column":0},"end":{"line":5,"column":44}},"5":{"start":{"line":6,"column":0},"end":{"line":6,"column":38}},"6":{"start":{"line":7,"column":0},"end":{"line":7,"column":44}},"7":{"start":{"line":10,"column":15},"end":{"line":10,"column":31}},"8":{"start":{"line":12,"column":0},"end":{"line":12,"column":32}},"9":{"start":{"line":14,"column":0},"end":{"line":14,"column":38}},"10":{"start":{"line":16,"column":0},"end":{"line":16,"column":38}},"11":{"start":{"line":18,"column":0},"end":{"line":18,"column":38}},"12":{"start":{"line":20,"column":0},"end":{"line":20,"column":71}},"13":{"start":{"line":22,"column":0},"end":{"line":22,"column":22}}},"fnMap":{},"branchMap":{},"s":{"0":1,"1":1,"2":1,"3":1,"4":1,"5":1,"6":1,"7":1,"8":1,"9":1,"10":1,"11":1,"12":1,"13":1},"f":{},"b":{}}
,"/home/actrox/Documents/andela/my-brand-back-end/src/utils/roles.ts": {"path":"/home/actrox/Documents/andela/my-brand-back-end/src/utils/roles.ts","statementMap":{"0":{"start":{"line":1,"column":13},"end":{"line":5,"column":null}},"1":{"start":{"line":7,"column":0},"end":{"line":7,"column":20}}},"fnMap":{},"branchMap":{},"s":{"0":1,"1":1},"f":{},"b":{}}
}
