TN:
SF:build/app.js
FN:2,(anonymous_0)
FN:21,(anonymous_1)
FNF:2
FNH:2
FNDA:6,(anonymous_0)
FNDA:2,(anonymous_1)
DA:2,2
DA:3,6
DA:5,2
DA:6,2
DA:7,2
DA:8,2
DA:9,2
DA:12,2
DA:18,2
DA:19,2
DA:20,2
DA:21,2
DA:22,2
DA:24,2
LF:14
LH:14
BRDA:2,0,0,2
BRDA:2,0,1,2
BRDA:2,0,2,2
BRDA:3,1,0,0
BRDA:3,1,1,6
BRDA:3,2,0,6
BRDA:3,2,1,6
BRF:7
BRH:6
end_of_record
TN:
SF:build/database.js
FN:2,(anonymous_0)
FN:3,adopt
FN:3,(anonymous_2)
FN:4,(anonymous_3)
FN:5,fulfilled
FN:6,rejected
FN:7,step
FN:11,(anonymous_7)
FN:18,(anonymous_8)
FN:18,(anonymous_9)
FNF:10
FNH:8
FNDA:2,(anonymous_0)
FNDA:2,adopt
FNDA:0,(anonymous_2)
FNDA:2,(anonymous_3)
FNDA:1,fulfilled
FNDA:0,rejected
FNDA:3,step
FNDA:4,(anonymous_7)
FNDA:2,(anonymous_8)
FNDA:2,(anonymous_9)
DA:2,2
DA:3,2
DA:4,2
DA:5,1
DA:6,0
DA:7,3
DA:8,2
DA:11,2
DA:12,4
DA:14,2
DA:15,2
DA:16,2
DA:17,2
DA:18,2
DA:19,2
DA:20,2
DA:21,1
DA:24,0
DA:29,2
LF:19
LH:17
BRDA:2,0,0,2
BRDA:2,0,1,2
BRDA:2,0,2,2
BRDA:3,1,0,2
BRDA:3,1,1,0
BRDA:4,2,0,2
BRDA:4,2,1,2
BRDA:7,3,0,1
BRDA:7,3,1,2
BRDA:8,4,0,2
BRDA:8,4,1,2
BRDA:11,5,0,2
BRDA:11,5,1,2
BRDA:11,5,2,2
BRDA:12,6,0,0
BRDA:12,6,1,4
BRDA:12,7,0,4
BRDA:12,7,1,4
BRF:18
BRH:16
end_of_record
TN:
SF:build/index.js
FN:2,(anonymous_0)
FN:12,(anonymous_1)
FNF:2
FNH:2
FNDA:3,(anonymous_0)
FNDA:1,(anonymous_1)
DA:2,1
DA:3,3
DA:5,1
DA:6,1
DA:7,1
DA:8,1
DA:9,1
DA:10,1
DA:11,1
DA:12,1
DA:13,1
DA:15,1
LF:12
LH:12
BRDA:2,0,0,1
BRDA:2,0,1,1
BRDA:2,0,2,1
BRDA:3,1,0,3
BRDA:3,1,1,0
BRDA:3,2,0,3
BRDA:3,2,1,3
BRDA:11,3,0,1
BRDA:11,3,1,0
BRF:9
BRH:7
end_of_record
TN:
SF:build/controllers/article/articleController.js
FN:2,(anonymous_0)
FN:3,adopt
FN:3,(anonymous_2)
FN:4,(anonymous_3)
FN:5,fulfilled
FN:6,rejected
FN:7,step
FN:11,(anonymous_7)
FN:19,(anonymous_8)
FN:19,(anonymous_9)
FN:37,(anonymous_10)
FN:37,(anonymous_11)
FN:60,(anonymous_12)
FN:60,(anonymous_13)
FN:98,(anonymous_14)
FN:98,(anonymous_15)
FN:124,(anonymous_16)
FN:124,(anonymous_17)
FN:141,(anonymous_18)
FN:141,(anonymous_19)
FNF:20
FNH:16
FNDA:4,(anonymous_0)
FNDA:3,adopt
FNDA:1,(anonymous_2)
FNDA:4,(anonymous_3)
FNDA:2,fulfilled
FNDA:1,rejected
FNDA:7,step
FNDA:4,(anonymous_7)
FNDA:1,(anonymous_8)
FNDA:1,(anonymous_9)
FNDA:1,(anonymous_10)
FNDA:1,(anonymous_11)
FNDA:0,(anonymous_12)
FNDA:0,(anonymous_13)
FNDA:0,(anonymous_14)
FNDA:0,(anonymous_15)
FNDA:1,(anonymous_16)
FNDA:1,(anonymous_17)
FNDA:1,(anonymous_18)
FNDA:1,(anonymous_19)
DA:2,2
DA:3,3
DA:4,4
DA:5,2
DA:6,1
DA:7,7
DA:8,4
DA:11,2
DA:12,4
DA:14,2
DA:15,2
DA:16,2
DA:17,2
DA:18,2
DA:19,2
DA:20,1
DA:21,1
DA:22,0
DA:28,1
DA:36,2
DA:37,2
DA:38,1
DA:39,1
DA:40,1
DA:41,0
DA:42,0
DA:47,0
DA:53,1
DA:59,2
DA:60,2
DA:61,0
DA:62,0
DA:63,0
DA:64,0
DA:65,0
DA:70,0
DA:71,0
DA:76,0
DA:84,0
DA:85,0
DA:91,0
DA:97,2
DA:98,2
DA:99,0
DA:100,0
DA:101,0
DA:102,0
DA:103,0
DA:108,0
DA:109,0
DA:110,0
DA:111,0
DA:117,0
DA:123,2
DA:124,2
DA:125,1
DA:126,1
DA:127,1
DA:128,1
DA:134,0
DA:140,2
DA:141,2
DA:142,1
DA:143,1
DA:144,1
DA:145,1
DA:146,1
DA:147,0
DA:152,1
DA:153,1
DA:155,1
DA:156,1
DA:158,1
DA:159,1
DA:161,1
DA:167,0
DA:173,2
LF:77
LH:49
BRDA:2,0,0,2
BRDA:2,0,1,2
BRDA:2,0,2,2
BRDA:3,1,0,2
BRDA:3,1,1,1
BRDA:4,2,0,4
BRDA:4,2,1,4
BRDA:7,3,0,4
BRDA:7,3,1,3
BRDA:8,4,0,4
BRDA:8,4,1,4
BRDA:11,5,0,2
BRDA:11,5,1,2
BRDA:11,5,2,2
BRDA:12,6,0,2
BRDA:12,6,1,2
BRDA:12,7,0,4
BRDA:12,7,1,4
BRDA:41,8,0,0
BRDA:41,8,1,0
BRDA:64,9,0,0
BRDA:64,9,1,0
BRDA:70,10,0,0
BRDA:70,10,1,0
BRDA:70,11,0,0
BRDA:70,11,1,0
BRDA:70,11,2,0
BRDA:102,12,0,0
BRDA:102,12,1,0
BRDA:146,13,0,0
BRDA:146,13,1,1
BRDA:152,14,0,1
BRDA:152,14,1,0
BRDA:155,15,0,1
BRDA:155,15,1,0
BRDA:158,16,0,1
BRDA:158,16,1,0
BRF:37
BRH:22
end_of_record
TN:
SF:build/controllers/article/articleValidator.js
FN:2,(anonymous_0)
FN:13,(anonymous_1)
FNF:2
FNH:1
FNDA:1,(anonymous_0)
FNDA:0,(anonymous_1)
DA:2,1
DA:3,1
DA:5,1
DA:6,1
DA:7,1
DA:13,1
DA:14,0
DA:15,0
DA:16,0
DA:17,0
DA:22,0
DA:24,1
LF:12
LH:7
BRDA:2,0,0,1
BRDA:2,0,1,1
BRDA:2,0,2,1
BRDA:3,1,0,0
BRDA:3,1,1,1
BRDA:3,2,0,1
BRDA:3,2,1,1
BRDA:16,3,0,0
BRDA:16,3,1,0
BRF:9
BRH:6
end_of_record
TN:
SF:build/controllers/comment/commentController.js
FN:2,(anonymous_0)
FN:6,(anonymous_1)
FN:9,(anonymous_2)
FN:13,(anonymous_3)
FN:15,(anonymous_4)
FN:18,(anonymous_5)
FN:25,(anonymous_6)
FN:26,adopt
FN:26,(anonymous_8)
FN:27,(anonymous_9)
FN:28,fulfilled
FN:29,rejected
FN:30,step
FN:34,(anonymous_13)
FN:43,(anonymous_14)
FN:43,(anonymous_15)
FN:74,(anonymous_16)
FN:74,(anonymous_17)
FN:97,(anonymous_18)
FN:97,(anonymous_19)
FNF:20
FNH:13
FNDA:634,(anonymous_0)
FNDA:0,(anonymous_1)
FNDA:0,(anonymous_2)
FNDA:2,(anonymous_3)
FNDA:0,(anonymous_4)
FNDA:2,(anonymous_5)
FNDA:3,(anonymous_6)
FNDA:6,adopt
FNDA:1,(anonymous_8)
FNDA:3,(anonymous_9)
FNDA:5,fulfilled
FNDA:1,rejected
FNDA:9,step
FNDA:4,(anonymous_13)
FNDA:3,(anonymous_14)
FNDA:3,(anonymous_15)
FNDA:0,(anonymous_16)
FNDA:0,(anonymous_17)
FNDA:0,(anonymous_18)
FNDA:0,(anonymous_19)
DA:2,2
DA:3,634
DA:4,634
DA:5,634
DA:6,634
DA:8,634
DA:10,0
DA:11,0
DA:13,2
DA:14,2
DA:16,0
DA:18,2
DA:19,2
DA:20,2
DA:21,634
DA:22,2
DA:23,2
DA:25,2
DA:26,6
DA:27,3
DA:28,5
DA:29,1
DA:30,9
DA:31,3
DA:34,2
DA:35,4
DA:37,2
DA:38,2
DA:39,2
DA:40,2
DA:41,2
DA:42,2
DA:43,3
DA:44,3
DA:45,3
DA:46,3
DA:47,3
DA:48,3
DA:49,1
DA:54,2
DA:59,1
DA:60,1
DA:61,1
DA:67,1
DA:73,2
DA:74,2
DA:75,0
DA:76,0
DA:77,0
DA:78,0
DA:79,0
DA:84,0
DA:90,0
DA:96,2
DA:97,2
DA:98,0
DA:99,0
DA:100,0
DA:101,0
DA:102,0
DA:107,0
DA:113,0
DA:119,2
LF:63
LH:46
BRDA:2,0,0,2
BRDA:2,0,1,2
BRDA:2,0,2,2
BRDA:2,1,0,2
BRDA:2,1,1,0
BRDA:3,2,0,634
BRDA:3,2,1,0
BRDA:5,3,0,634
BRDA:5,3,1,0
BRDA:5,4,0,634
BRDA:5,4,1,634
BRDA:5,5,0,0
BRDA:5,5,1,634
BRDA:5,6,0,634
BRDA:5,6,1,0
BRDA:10,7,0,0
BRDA:10,7,1,0
BRDA:13,8,0,2
BRDA:13,8,1,2
BRDA:13,8,2,2
BRDA:13,9,0,2
BRDA:13,9,1,0
BRDA:18,10,0,2
BRDA:18,10,1,2
BRDA:18,10,2,2
BRDA:19,11,0,0
BRDA:19,11,1,2
BRDA:19,12,0,2
BRDA:19,12,1,2
BRDA:21,13,0,2
BRDA:21,13,1,0
BRDA:21,14,0,634
BRDA:21,14,1,0
BRDA:21,15,0,634
BRDA:21,15,1,634
BRDA:25,16,0,2
BRDA:25,16,1,2
BRDA:25,16,2,2
BRDA:26,17,0,5
BRDA:26,17,1,1
BRDA:27,18,0,3
BRDA:27,18,1,3
BRDA:30,19,0,3
BRDA:30,19,1,6
BRDA:31,20,0,3
BRDA:31,20,1,3
BRDA:34,21,0,2
BRDA:34,21,1,2
BRDA:34,21,2,2
BRDA:35,22,0,4
BRDA:35,22,1,0
BRDA:35,23,0,4
BRDA:35,23,1,4
BRDA:48,24,0,1
BRDA:48,24,1,2
BRDA:78,25,0,0
BRDA:78,25,1,0
BRDA:101,26,0,0
BRDA:101,26,1,0
BRF:59
BRH:43
end_of_record
TN:
SF:build/controllers/comment/commentValidator.js
FN:2,(anonymous_0)
FN:11,(anonymous_1)
FNF:2
FNH:2
FNDA:2,(anonymous_0)
FNDA:2,(anonymous_1)
DA:2,2
DA:3,2
DA:5,2
DA:6,2
DA:7,2
DA:11,2
DA:12,2
DA:13,2
DA:14,2
DA:15,2
DA:20,0
DA:22,2
LF:12
LH:11
BRDA:2,0,0,2
BRDA:2,0,1,2
BRDA:2,0,2,2
BRDA:3,1,0,0
BRDA:3,1,1,2
BRDA:3,2,0,2
BRDA:3,2,1,2
BRDA:14,3,0,2
BRDA:14,3,1,0
BRF:9
BRH:7
end_of_record
TN:
SF:build/controllers/like/likeController.js
FN:2,(anonymous_0)
FN:3,adopt
FN:3,(anonymous_2)
FN:4,(anonymous_3)
FN:5,fulfilled
FN:6,rejected
FN:7,step
FN:11,(anonymous_7)
FN:20,(anonymous_8)
FN:20,(anonymous_9)
FN:56,(anonymous_10)
FN:56,(anonymous_11)
FN:73,(anonymous_12)
FNF:13
FNH:10
FNDA:4,(anonymous_0)
FNDA:5,adopt
FNDA:1,(anonymous_2)
FNDA:4,(anonymous_3)
FNDA:3,fulfilled
FNDA:2,rejected
FNDA:9,step
FNDA:6,(anonymous_7)
FNDA:4,(anonymous_8)
FNDA:4,(anonymous_9)
FNDA:0,(anonymous_10)
FNDA:0,(anonymous_11)
FNDA:0,(anonymous_12)
DA:2,2
DA:3,5
DA:4,4
DA:5,3
DA:6,2
DA:7,9
DA:8,4
DA:11,2
DA:12,6
DA:14,2
DA:15,2
DA:16,2
DA:17,2
DA:18,2
DA:19,2
DA:20,4
DA:21,4
DA:22,4
DA:23,4
DA:24,4
DA:25,2
DA:26,1
DA:31,1
DA:32,0
DA:37,1
DA:41,1
DA:42,1
DA:43,1
DA:49,2
DA:55,2
DA:56,2
DA:57,0
DA:58,0
DA:59,0
DA:60,0
DA:61,0
DA:62,0
DA:67,0
DA:68,0
DA:73,0
DA:74,0
DA:75,0
DA:81,0
DA:87,2
LF:44
LH:31
BRDA:2,0,0,2
BRDA:2,0,1,2
BRDA:2,0,2,2
BRDA:3,1,0,4
BRDA:3,1,1,1
BRDA:4,2,0,4
BRDA:4,2,1,4
BRDA:7,3,0,4
BRDA:7,3,1,5
BRDA:8,4,0,4
BRDA:8,4,1,4
BRDA:11,5,0,2
BRDA:11,5,1,2
BRDA:11,5,2,2
BRDA:12,6,0,4
BRDA:12,6,1,2
BRDA:12,7,0,6
BRDA:12,7,1,6
BRDA:25,8,0,1
BRDA:25,8,1,1
BRDA:31,9,0,0
BRDA:31,9,1,1
BRDA:61,10,0,0
BRDA:61,10,1,0
BRDA:67,11,0,0
BRDA:67,11,1,0
BRF:26
BRH:21
end_of_record
TN:
SF:build/controllers/message/messageController.js
FN:2,(anonymous_0)
FN:3,adopt
FN:3,(anonymous_2)
FN:4,(anonymous_3)
FN:5,fulfilled
FN:6,rejected
FN:7,step
FN:11,(anonymous_7)
FN:19,(anonymous_8)
FN:19,(anonymous_9)
FN:35,(anonymous_10)
FN:35,(anonymous_11)
FN:52,(anonymous_12)
FN:52,(anonymous_13)
FN:81,(anonymous_14)
FN:81,(anonymous_15)
FNF:16
FNH:14
FNDA:4,(anonymous_0)
FNDA:4,adopt
FNDA:0,(anonymous_2)
FNDA:4,(anonymous_3)
FNDA:4,fulfilled
FNDA:0,rejected
FNDA:8,step
FNDA:4,(anonymous_7)
FNDA:1,(anonymous_8)
FNDA:1,(anonymous_9)
FNDA:1,(anonymous_10)
FNDA:1,(anonymous_11)
FNDA:1,(anonymous_12)
FNDA:1,(anonymous_13)
FNDA:1,(anonymous_14)
FNDA:1,(anonymous_15)
DA:2,2
DA:3,4
DA:4,4
DA:5,4
DA:6,0
DA:7,8
DA:8,4
DA:11,2
DA:12,4
DA:14,2
DA:15,2
DA:16,2
DA:17,2
DA:18,2
DA:19,2
DA:20,1
DA:21,1
DA:22,1
DA:28,0
DA:34,2
DA:35,2
DA:36,1
DA:37,1
DA:38,1
DA:39,1
DA:45,0
DA:51,2
DA:52,2
DA:53,1
DA:54,1
DA:55,1
DA:56,1
DA:57,1
DA:58,1
DA:59,0
DA:63,1
DA:70,1
DA:75,0
DA:80,2
DA:81,2
DA:82,1
DA:83,1
DA:84,1
DA:85,1
DA:86,0
DA:91,1
DA:97,0
DA:103,2
LF:48
LH:41
BRDA:2,0,0,2
BRDA:2,0,1,2
BRDA:2,0,2,2
BRDA:3,1,0,4
BRDA:3,1,1,0
BRDA:4,2,0,4
BRDA:4,2,1,4
BRDA:7,3,0,4
BRDA:7,3,1,4
BRDA:8,4,0,4
BRDA:8,4,1,4
BRDA:11,5,0,2
BRDA:11,5,1,2
BRDA:11,5,2,2
BRDA:12,6,0,2
BRDA:12,6,1,2
BRDA:12,7,0,4
BRDA:12,7,1,4
BRDA:58,8,0,0
BRDA:58,8,1,1
BRDA:58,9,0,1
BRDA:58,9,1,1
BRDA:58,9,2,1
BRDA:85,10,0,0
BRDA:85,10,1,1
BRF:25
BRH:22
end_of_record
TN:
SF:build/controllers/message/messageValidator.js
FN:2,(anonymous_0)
FN:12,(anonymous_1)
FNF:2
FNH:2
FNDA:2,(anonymous_0)
FNDA:2,(anonymous_1)
DA:2,2
DA:3,2
DA:5,2
DA:6,2
DA:7,2
DA:12,2
DA:13,2
DA:14,2
DA:15,2
DA:16,1
DA:21,1
DA:23,2
LF:12
LH:12
BRDA:2,0,0,2
BRDA:2,0,1,2
BRDA:2,0,2,2
BRDA:3,1,0,0
BRDA:3,1,1,2
BRDA:3,2,0,2
BRDA:3,2,1,2
BRDA:15,3,0,1
BRDA:15,3,1,1
BRF:9
BRH:8
end_of_record
TN:
SF:build/controllers/user/userController.js
FN:2,(anonymous_0)
FN:3,adopt
FN:3,(anonymous_2)
FN:4,(anonymous_3)
FN:5,fulfilled
FN:6,rejected
FN:7,step
FN:11,(anonymous_7)
FN:21,(anonymous_8)
FN:21,(anonymous_9)
FN:51,(anonymous_10)
FN:51,(anonymous_11)
FN:101,(anonymous_12)
FN:101,(anonymous_13)
FN:109,(anonymous_14)
FN:109,(anonymous_15)
FN:125,(anonymous_16)
FN:125,(anonymous_17)
FN:142,(anonymous_18)
FN:142,(anonymous_19)
FN:171,(anonymous_20)
FN:171,(anonymous_21)
FNF:22
FNH:17
FNDA:10,(anonymous_0)
FNDA:16,adopt
FNDA:0,(anonymous_2)
FNDA:10,(anonymous_3)
FNDA:15,fulfilled
FNDA:1,rejected
FNDA:26,step
FNDA:8,(anonymous_7)
FNDA:2,(anonymous_8)
FNDA:2,(anonymous_9)
FNDA:3,(anonymous_10)
FNDA:3,(anonymous_11)
FNDA:0,(anonymous_12)
FNDA:0,(anonymous_13)
FNDA:2,(anonymous_14)
FNDA:2,(anonymous_15)
FNDA:0,(anonymous_16)
FNDA:0,(anonymous_17)
FNDA:1,(anonymous_18)
FNDA:1,(anonymous_19)
FNDA:2,(anonymous_20)
FNDA:2,(anonymous_21)
DA:2,2
DA:3,16
DA:4,10
DA:5,15
DA:6,1
DA:7,26
DA:8,10
DA:11,2
DA:12,8
DA:14,2
DA:15,2
DA:16,2
DA:17,2
DA:18,2
DA:19,2
DA:20,2
DA:21,2
DA:22,2
DA:23,2
DA:24,2
DA:25,2
DA:26,1
DA:31,1
DA:32,1
DA:33,1
DA:38,1
DA:44,0
DA:50,2
DA:51,3
DA:52,3
DA:53,3
DA:54,3
DA:55,3
DA:56,1
DA:61,2
DA:62,2
DA:63,1
DA:68,1
DA:73,1
DA:76,1
DA:79,1
DA:85,1
DA:94,0
DA:100,2
DA:101,2
DA:102,0
DA:103,0
DA:108,2
DA:109,2
DA:110,2
DA:111,2
DA:112,1
DA:118,1
DA:124,2
DA:125,2
DA:126,0
DA:127,0
DA:128,0
DA:129,0
DA:135,0
DA:141,2
DA:142,2
DA:143,1
DA:144,1
DA:145,1
DA:146,1
DA:147,0
DA:152,1
DA:153,0
DA:158,1
DA:164,0
DA:170,2
DA:171,2
DA:172,2
DA:173,2
DA:174,2
DA:175,2
DA:176,2
DA:177,1
DA:182,1
DA:183,1
DA:185,1
DA:186,1
DA:188,1
DA:189,1
DA:191,1
DA:192,1
DA:198,0
DA:204,2
LF:89
LH:76
BRDA:2,0,0,2
BRDA:2,0,1,2
BRDA:2,0,2,2
BRDA:3,1,0,16
BRDA:3,1,1,0
BRDA:4,2,0,10
BRDA:4,2,1,10
BRDA:7,3,0,10
BRDA:7,3,1,16
BRDA:8,4,0,10
BRDA:8,4,1,10
BRDA:11,5,0,2
BRDA:11,5,1,2
BRDA:11,5,2,2
BRDA:12,6,0,2
BRDA:12,6,1,6
BRDA:12,7,0,8
BRDA:12,7,1,8
BRDA:25,8,0,1
BRDA:25,8,1,1
BRDA:55,9,0,1
BRDA:55,9,1,2
BRDA:62,10,0,1
BRDA:62,10,1,1
BRDA:146,11,0,0
BRDA:146,11,1,1
BRDA:152,12,0,0
BRDA:152,12,1,1
BRDA:176,13,0,1
BRDA:176,13,1,1
BRDA:182,14,0,1
BRDA:182,14,1,0
BRDA:185,15,0,1
BRDA:185,15,1,0
BRDA:188,16,0,1
BRDA:188,16,1,0
BRF:36
BRH:30
end_of_record
TN:
SF:build/controllers/user/userValidator.js
FN:2,(anonymous_0)
FN:17,(anonymous_1)
FN:29,(anonymous_2)
FNF:3
FNH:3
FNDA:2,(anonymous_0)
FNDA:3,(anonymous_1)
FNDA:3,(anonymous_2)
DA:2,2
DA:3,2
DA:5,2
DA:6,2
DA:7,2
DA:8,2
DA:13,2
DA:17,2
DA:18,3
DA:19,3
DA:20,3
DA:21,2
DA:26,1
DA:28,2
DA:29,2
DA:30,3
DA:31,3
DA:32,3
DA:33,2
DA:38,1
DA:40,2
LF:21
LH:21
BRDA:2,0,0,2
BRDA:2,0,1,2
BRDA:2,0,2,2
BRDA:3,1,0,0
BRDA:3,1,1,2
BRDA:3,2,0,2
BRDA:3,2,1,2
BRDA:20,3,0,2
BRDA:20,3,1,1
BRDA:32,4,0,2
BRDA:32,4,1,1
BRF:11
BRH:10
end_of_record
TN:
SF:build/middlewares/adminPermission.js
FN:2,(anonymous_0)
FN:8,permit
FN:9,(anonymous_2)
FN:10,(anonymous_3)
FNF:4
FNH:4
FNDA:2,(anonymous_0)
FNDA:20,permit
FNDA:3,(anonymous_2)
FNDA:4,(anonymous_3)
DA:2,2
DA:3,2
DA:5,2
DA:6,2
DA:7,2
DA:9,20
DA:10,20
DA:11,4
DA:12,4
DA:13,1
DA:15,3
DA:16,1
DA:19,2
DA:25,2
LF:14
LH:14
BRDA:2,0,0,2
BRDA:2,0,1,2
BRDA:2,0,2,2
BRDA:3,1,0,0
BRDA:3,1,1,2
BRDA:3,2,0,2
BRDA:3,2,1,2
BRDA:11,3,0,4
BRDA:11,3,1,0
BRDA:12,4,0,1
BRDA:12,4,1,3
BRDA:15,5,0,1
BRDA:15,5,1,2
BRF:13
BRH:11
end_of_record
TN:
SF:build/middlewares/authorization.js
FN:2,(anonymous_0)
FN:3,adopt
FN:3,(anonymous_2)
FN:4,(anonymous_3)
FN:5,fulfilled
FN:6,rejected
FN:7,step
FN:11,(anonymous_7)
FN:18,(anonymous_8)
FN:18,(anonymous_9)
FN:33,(anonymous_10)
FNF:11
FNH:7
FNDA:5,(anonymous_0)
FNDA:0,adopt
FNDA:0,(anonymous_2)
FNDA:5,(anonymous_3)
FNDA:0,fulfilled
FNDA:0,rejected
FNDA:5,step
FNDA:4,(anonymous_7)
FNDA:5,(anonymous_8)
FNDA:5,(anonymous_9)
FNDA:3,(anonymous_10)
DA:2,2
DA:3,0
DA:4,5
DA:5,0
DA:6,0
DA:7,5
DA:8,5
DA:11,2
DA:12,4
DA:14,2
DA:15,2
DA:16,2
DA:17,2
DA:18,5
DA:19,5
DA:20,1
DA:25,4
DA:26,4
DA:27,1
DA:33,3
DA:34,3
DA:35,1
DA:39,2
DA:40,2
DA:41,2
DA:42,2
DA:43,2
DA:46,0
DA:54,2
LF:29
LH:25
BRDA:2,0,0,2
BRDA:2,0,1,2
BRDA:2,0,2,2
BRDA:3,1,0,0
BRDA:3,1,1,0
BRDA:4,2,0,5
BRDA:4,2,1,5
BRDA:7,3,0,5
BRDA:7,3,1,0
BRDA:8,4,0,5
BRDA:8,4,1,5
BRDA:11,5,0,2
BRDA:11,5,1,2
BRDA:11,5,2,2
BRDA:12,6,0,0
BRDA:12,6,1,4
BRDA:12,7,0,4
BRDA:12,7,1,4
BRDA:19,8,0,1
BRDA:19,8,1,4
BRDA:19,9,0,5
BRDA:19,9,1,4
BRDA:26,10,0,1
BRDA:26,10,1,3
BRDA:26,11,0,4
BRDA:26,11,1,3
BRDA:34,12,0,1
BRDA:34,12,1,2
BRDA:39,13,0,2
BRDA:39,13,1,0
BRF:30
BRH:25
end_of_record
TN:
SF:build/models/articleModel.js
FNF:0
FNH:0
DA:2,4
DA:3,4
DA:4,4
DA:42,4
DA:43,4
LF:5
LH:5
BRF:0
BRH:0
end_of_record
TN:
SF:build/models/commentModel.js
FNF:0
FNH:0
DA:2,2
DA:3,2
DA:4,2
DA:9,2
DA:10,2
LF:5
LH:5
BRF:0
BRH:0
end_of_record
TN:
SF:build/models/likeModels.js
FNF:0
FNH:0
DA:2,2
DA:3,2
DA:4,2
DA:8,2
DA:9,2
LF:5
LH:5
BRF:0
BRH:0
end_of_record
TN:
SF:build/models/messageModel.js
FNF:0
FNH:0
DA:2,2
DA:3,2
DA:4,2
DA:26,2
DA:27,2
LF:5
LH:5
BRF:0
BRH:0
end_of_record
TN:
SF:build/models/userModels.js
FNF:0
FNH:0
DA:2,2
DA:3,2
DA:4,2
DA:28,2
DA:29,2
LF:5
LH:5
BRF:0
BRH:0
end_of_record
TN:
SF:build/routes/articleRouter.js
FN:2,(anonymous_0)
FNF:1
FNH:1
FNDA:5,(anonymous_0)
DA:2,1
DA:3,5
DA:5,1
DA:6,1
DA:7,1
DA:8,1
DA:9,1
DA:10,1
DA:11,1
DA:12,1
DA:13,1
DA:20,1
LF:12
LH:12
BRDA:2,0,0,1
BRDA:2,0,1,1
BRDA:2,0,2,1
BRDA:3,1,0,4
BRDA:3,1,1,1
BRDA:3,2,0,5
BRDA:3,2,1,5
BRF:7
BRH:7
end_of_record
TN:
SF:build/routes/authRouter.js
FN:2,(anonymous_0)
FNF:1
FNH:1
FNDA:4,(anonymous_0)
DA:2,1
DA:3,4
DA:5,1
DA:6,1
DA:7,1
DA:8,1
DA:9,1
DA:10,1
DA:11,1
DA:12,1
DA:13,1
DA:22,1
LF:12
LH:12
BRDA:2,0,0,1
BRDA:2,0,1,1
BRDA:2,0,2,1
BRDA:3,1,0,3
BRDA:3,1,1,1
BRDA:3,2,0,4
BRDA:3,2,1,4
BRF:7
BRH:7
end_of_record
TN:
SF:build/routes/commentRouter.js
FN:2,(anonymous_0)
FNF:1
FNH:1
FNDA:5,(anonymous_0)
DA:2,1
DA:3,5
DA:5,1
DA:6,1
DA:7,1
DA:8,1
DA:9,1
DA:10,1
DA:11,1
DA:12,1
DA:13,1
DA:17,1
LF:12
LH:12
BRDA:2,0,0,1
BRDA:2,0,1,1
BRDA:2,0,2,1
BRDA:3,1,0,4
BRDA:3,1,1,1
BRDA:3,2,0,5
BRDA:3,2,1,5
BRF:7
BRH:7
end_of_record
TN:
SF:build/routes/likeRouter.js
FN:2,(anonymous_0)
FNF:1
FNH:1
FNDA:4,(anonymous_0)
DA:2,1
DA:3,4
DA:5,1
DA:6,1
DA:7,1
DA:8,1
DA:9,1
DA:10,1
DA:11,1
DA:12,1
DA:15,1
LF:11
LH:11
BRDA:2,0,0,1
BRDA:2,0,1,1
BRDA:2,0,2,1
BRDA:3,1,0,3
BRDA:3,1,1,1
BRDA:3,2,0,4
BRDA:3,2,1,4
BRF:7
BRH:7
end_of_record
TN:
SF:build/routes/messageRouter.js
FN:2,(anonymous_0)
FNF:1
FNH:1
FNDA:5,(anonymous_0)
DA:2,1
DA:3,5
DA:5,1
DA:6,1
DA:7,1
DA:8,1
DA:9,1
DA:10,1
DA:11,1
DA:12,1
DA:13,1
DA:18,1
LF:12
LH:12
BRDA:2,0,0,1
BRDA:2,0,1,1
BRDA:2,0,2,1
BRDA:3,1,0,4
BRDA:3,1,1,1
BRDA:3,2,0,5
BRDA:3,2,1,5
BRF:7
BRH:7
end_of_record
TN:
SF:build/routes/routes.js
FN:2,(anonymous_0)
FNF:1
FNH:1
FNDA:8,(anonymous_0)
DA:2,1
DA:3,8
DA:5,1
DA:6,1
DA:7,1
DA:8,1
DA:9,1
DA:10,1
DA:11,1
DA:12,1
DA:13,1
DA:14,1
DA:15,1
DA:16,1
DA:17,1
DA:18,1
DA:19,1
DA:20,1
DA:21,1
LF:19
LH:19
BRDA:2,0,0,1
BRDA:2,0,1,1
BRDA:2,0,2,1
BRDA:3,1,0,5
BRDA:3,1,1,3
BRDA:3,2,0,8
BRDA:3,2,1,8
BRF:7
BRH:7
end_of_record
TN:
SF:build/utils/roles.js
FNF:0
FNH:0
DA:2,1
DA:3,1
DA:8,1
LF:3
LH:3
BRF:0
BRH:0
end_of_record
TN:
SF:src/app.ts
FN:20,(anonymous_1)
FNF:1
FNH:1
FNDA:2,(anonymous_1)
DA:1,2
DA:2,2
DA:3,2
DA:6,2
DA:9,2
DA:17,2
DA:18,2
DA:19,2
DA:20,2
DA:21,2
DA:24,2
LF:11
LH:11
BRF:0
BRH:0
end_of_record
TN:
SF:src/database.ts
FN:5,(anonymous_8)
FN:5,(anonymous_9)
FNF:2
FNH:2
FNDA:2,(anonymous_8)
FNDA:2,(anonymous_9)
DA:1,2
DA:2,2
DA:3,2
DA:5,2
DA:6,2
DA:7,2
DA:10,1
DA:12,0
DA:17,2
LF:9
LH:8
BRF:0
BRH:0
end_of_record
TN:
SF:src/index.ts
FN:8,(anonymous_1)
FNF:1
FNH:1
FNDA:1,(anonymous_1)
DA:1,1
DA:2,1
DA:3,1
DA:5,1
DA:6,1
DA:7,1
DA:8,1
DA:9,1
DA:12,1
LF:9
LH:9
BRDA:7,0,0,1
BRDA:7,0,1,0
BRF:2
BRH:1
end_of_record
TN:
SF:src/controllers/article/articleController.ts
FN:7,(anonymous_8)
FN:7,(anonymous_9)
FN:24,(anonymous_10)
FN:24,(anonymous_11)
FN:46,(anonymous_12)
FN:46,(anonymous_13)
FN:89,(anonymous_14)
FN:89,(anonymous_15)
FN:114,(anonymous_16)
FN:114,(anonymous_17)
FN:130,(anonymous_18)
FN:130,(anonymous_19)
FNF:12
FNH:8
FNDA:1,(anonymous_8)
FNDA:1,(anonymous_9)
FNDA:1,(anonymous_10)
FNDA:1,(anonymous_11)
FNDA:0,(anonymous_12)
FNDA:0,(anonymous_13)
FNDA:0,(anonymous_14)
FNDA:0,(anonymous_15)
FNDA:1,(anonymous_16)
FNDA:1,(anonymous_17)
FNDA:1,(anonymous_18)
FNDA:1,(anonymous_19)
DA:2,2
DA:3,2
DA:4,2
DA:7,2
DA:8,1
DA:9,1
DA:10,0
DA:15,1
DA:24,2
DA:25,1
DA:26,1
DA:27,1
DA:28,0
DA:29,0
DA:34,0
DA:39,1
DA:46,2
DA:47,0
DA:48,0
DA:49,0
DA:51,0
DA:52,0
DA:58,0
DA:59,0
DA:65,0
DA:75,0
DA:77,0
DA:82,0
DA:89,2
DA:90,0
DA:91,0
DA:92,0
DA:93,0
DA:94,0
DA:99,0
DA:100,0
DA:101,0
DA:102,0
DA:107,0
DA:114,2
DA:115,1
DA:116,1
DA:117,1
DA:118,1
DA:123,0
DA:130,2
DA:131,1
DA:132,1
DA:133,1
DA:134,1
DA:135,1
DA:136,0
DA:141,1
DA:142,1
DA:144,1
DA:145,1
DA:147,1
DA:148,1
DA:150,1
DA:155,0
LF:60
LH:32
BRDA:28,0,0,0
BRDA:51,1,0,0
BRDA:58,2,0,0
BRDA:58,3,0,0
BRDA:58,3,1,0
BRDA:58,3,2,0
BRDA:93,4,0,0
BRDA:135,5,0,0
BRDA:141,6,0,1
BRDA:144,7,0,1
BRDA:147,8,0,1
BRF:11
BRH:3
end_of_record
TN:
SF:src/controllers/article/articleValidator.ts
FN:11,(anonymous_1)
FNF:1
FNH:0
FNDA:0,(anonymous_1)
DA:2,1
DA:4,1
DA:11,1
DA:12,0
DA:13,0
DA:14,0
DA:15,0
DA:20,0
DA:23,1
LF:9
LH:4
BRDA:14,0,0,0
BRF:1
BRH:0
end_of_record
TN:
SF:src/controllers/comment/commentController.ts
FN:8,(anonymous_14)
FN:8,(anonymous_15)
FN:38,(anonymous_16)
FN:38,(anonymous_17)
FN:60,(anonymous_18)
FN:60,(anonymous_19)
FNF:6
FNH:2
FNDA:3,(anonymous_14)
FNDA:3,(anonymous_15)
FNDA:0,(anonymous_16)
FNDA:0,(anonymous_17)
FNDA:0,(anonymous_18)
FNDA:0,(anonymous_19)
DA:2,2
DA:3,2
DA:4,2
DA:6,2
DA:8,3
DA:9,3
DA:10,3
DA:11,3
DA:12,3
DA:13,3
DA:14,1
DA:19,2
DA:24,1
DA:25,1
DA:26,1
DA:31,1
DA:38,2
DA:39,0
DA:40,0
DA:41,0
DA:42,0
DA:43,0
DA:48,0
DA:53,0
DA:60,2
DA:61,0
DA:62,0
DA:63,0
DA:64,0
DA:65,0
DA:70,0
DA:76,0
LF:32
LH:18
BRDA:13,0,0,1
BRDA:42,1,0,0
BRDA:64,2,0,0
BRF:3
BRH:1
end_of_record
TN:
SF:src/controllers/comment/commentValidator.ts
FN:9,(anonymous_1)
FNF:1
FNH:1
FNDA:2,(anonymous_1)
DA:2,2
DA:4,2
DA:9,2
DA:10,2
DA:11,2
DA:12,2
DA:13,2
DA:18,0
DA:21,2
LF:9
LH:8
BRDA:12,0,0,2
BRF:1
BRH:1
end_of_record
TN:
SF:src/controllers/like/likeController.ts
FN:8,(anonymous_8)
FN:8,(anonymous_9)
FN:46,(anonymous_10)
FN:46,(anonymous_11)
FN:64,(anonymous_12)
FNF:5
FNH:2
FNDA:4,(anonymous_8)
FNDA:4,(anonymous_9)
FNDA:0,(anonymous_10)
FNDA:0,(anonymous_11)
FNDA:0,(anonymous_12)
DA:3,2
DA:4,2
DA:5,2
DA:6,2
DA:8,4
DA:9,4
DA:10,4
DA:11,4
DA:12,4
DA:13,2
DA:14,1
DA:19,1
DA:20,0
DA:26,1
DA:31,1
DA:32,1
DA:33,1
DA:38,2
DA:46,2
DA:47,0
DA:48,0
DA:49,0
DA:50,0
DA:51,0
DA:52,0
DA:57,0
DA:58,0
DA:64,0
DA:65,0
DA:66,0
DA:71,0
LF:31
LH:18
BRDA:13,0,0,1
BRDA:19,1,0,0
BRDA:51,2,0,0
BRDA:57,3,0,0
BRF:4
BRH:1
end_of_record
TN:
SF:src/controllers/message/messageController.ts
FN:7,(anonymous_8)
FN:7,(anonymous_9)
FN:22,(anonymous_10)
FN:22,(anonymous_11)
FN:38,(anonymous_12)
FN:38,(anonymous_13)
FN:66,(anonymous_14)
FN:66,(anonymous_15)
FNF:8
FNH:8
FNDA:1,(anonymous_8)
FNDA:1,(anonymous_9)
FNDA:1,(anonymous_10)
FNDA:1,(anonymous_11)
FNDA:1,(anonymous_12)
FNDA:1,(anonymous_13)
FNDA:1,(anonymous_14)
FNDA:1,(anonymous_15)
DA:2,2
DA:3,2
DA:5,2
DA:7,2
DA:8,1
DA:9,1
DA:10,1
DA:15,0
DA:22,2
DA:23,1
DA:24,1
DA:25,1
DA:26,1
DA:31,0
DA:38,2
DA:39,1
DA:40,1
DA:41,1
DA:42,1
DA:43,1
DA:44,1
DA:45,0
DA:49,1
DA:56,1
DA:60,0
DA:66,2
DA:67,1
DA:68,1
DA:69,1
DA:70,1
DA:71,0
DA:76,1
DA:81,0
LF:33
LH:27
BRDA:44,0,0,0
BRDA:44,1,0,1
BRDA:44,1,1,1
BRDA:44,1,2,1
BRDA:70,2,0,0
BRF:5
BRH:3
end_of_record
TN:
SF:src/controllers/message/messageValidator.ts
FN:10,(anonymous_1)
FNF:1
FNH:1
FNDA:2,(anonymous_1)
DA:2,2
DA:4,2
DA:10,2
DA:11,2
DA:12,2
DA:13,2
DA:14,1
DA:19,1
DA:22,2
LF:9
LH:9
BRDA:13,0,0,1
BRF:1
BRH:1
end_of_record
TN:
SF:src/controllers/user/userController.ts
FN:10,(anonymous_8)
FN:10,(anonymous_9)
FN:39,(anonymous_10)
FN:39,(anonymous_11)
FN:93,(anonymous_12)
FN:93,(anonymous_13)
FN:101,(anonymous_14)
FN:101,(anonymous_15)
FN:116,(anonymous_16)
FN:116,(anonymous_17)
FN:132,(anonymous_18)
FN:132,(anonymous_19)
FN:162,(anonymous_20)
FN:162,(anonymous_21)
FNF:14
FNH:10
FNDA:2,(anonymous_8)
FNDA:2,(anonymous_9)
FNDA:3,(anonymous_10)
FNDA:3,(anonymous_11)
FNDA:0,(anonymous_12)
FNDA:0,(anonymous_13)
FNDA:2,(anonymous_14)
FNDA:2,(anonymous_15)
FNDA:0,(anonymous_16)
FNDA:0,(anonymous_17)
FNDA:1,(anonymous_18)
FNDA:1,(anonymous_19)
FNDA:2,(anonymous_20)
FNDA:2,(anonymous_21)
DA:2,2
DA:3,2
DA:4,2
DA:6,2
DA:8,2
DA:10,2
DA:11,2
DA:12,2
DA:13,2
DA:14,2
DA:15,1
DA:20,1
DA:21,1
DA:22,1
DA:27,1
DA:32,0
DA:39,3
DA:40,3
DA:41,3
DA:42,3
DA:43,3
DA:44,1
DA:49,2
DA:50,2
DA:51,1
DA:57,1
DA:63,1
DA:67,1
DA:71,1
DA:78,1
DA:86,0
DA:93,2
DA:94,0
DA:95,0
DA:101,2
DA:102,2
DA:103,2
DA:104,1
DA:109,1
DA:116,2
DA:117,0
DA:118,0
DA:119,0
DA:120,0
DA:125,0
DA:132,2
DA:133,1
DA:135,1
DA:136,1
DA:137,1
DA:138,0
DA:143,1
DA:144,0
DA:150,1
DA:155,0
DA:162,2
DA:163,2
DA:164,2
DA:165,2
DA:166,2
DA:168,2
DA:169,1
DA:174,1
DA:175,1
DA:177,1
DA:178,1
DA:180,1
DA:181,1
DA:183,1
DA:184,1
DA:189,0
LF:71
LH:58
BRDA:14,0,0,1
BRDA:43,1,0,1
BRDA:50,2,0,1
BRDA:137,3,0,0
BRDA:143,4,0,0
BRDA:168,5,0,1
BRDA:174,6,0,1
BRDA:177,7,0,1
BRDA:180,8,0,1
BRF:9
BRH:7
end_of_record
TN:
SF:src/controllers/user/userValidator.ts
FN:15,(anonymous_1)
FN:27,(anonymous_2)
FNF:2
FNH:2
FNDA:3,(anonymous_1)
FNDA:3,(anonymous_2)
DA:2,2
DA:4,2
DA:10,2
DA:15,2
DA:16,3
DA:17,3
DA:18,3
DA:19,2
DA:24,1
DA:27,2
DA:28,3
DA:29,3
DA:30,3
DA:31,2
DA:36,1
DA:39,2
LF:16
LH:16
BRDA:18,0,0,2
BRDA:30,1,0,2
BRF:2
BRH:2
end_of_record
TN:
SF:src/middlewares/adminPermission.ts
FN:5,permit
FN:6,(anonymous_2)
FN:7,(anonymous_3)
FNF:3
FNH:3
FNDA:20,permit
FNDA:3,(anonymous_2)
FNDA:4,(anonymous_3)
DA:2,2
DA:3,2
DA:5,2
DA:6,20
DA:7,20
DA:9,4
DA:10,4
DA:11,1
DA:13,3
DA:14,1
DA:17,2
LF:11
LH:11
BRDA:9,0,0,4
BRDA:10,1,0,1
BRDA:13,2,0,1
BRF:3
BRH:3
end_of_record
TN:
SF:src/middlewares/authorization.ts
FN:7,(anonymous_8)
FN:7,(anonymous_9)
FN:25,(anonymous_10)
FNF:3
FNH:3
FNDA:5,(anonymous_8)
FNDA:5,(anonymous_9)
FNDA:3,(anonymous_10)
DA:1,2
DA:3,2
DA:5,2
DA:7,5
DA:9,5
DA:10,1
DA:15,4
DA:17,4
DA:18,1
DA:23,3
DA:26,3
DA:27,1
DA:32,2
DA:33,2
DA:34,2
DA:35,2
DA:36,2
DA:38,0
DA:46,2
LF:19
LH:18
BRDA:9,0,0,1
BRDA:9,1,0,5
BRDA:9,1,1,4
BRDA:17,2,0,1
BRDA:17,2,1,3
BRDA:17,3,0,4
BRDA:17,3,1,3
BRDA:26,4,0,1
BRDA:26,4,1,2
BRDA:32,5,0,2
BRDA:32,5,1,0
BRF:11
BRH:10
end_of_record
TN:
SF:src/models/articleModel.ts
FNF:0
FNH:0
DA:1,4
DA:15,4
DA:59,4
DA:60,4
LF:4
LH:4
BRF:0
BRH:0
end_of_record
TN:
SF:src/models/commentModel.ts
FNF:0
FNH:0
DA:1,2
DA:9,2
DA:16,2
DA:18,2
LF:4
LH:4
BRF:0
BRH:0
end_of_record
TN:
SF:src/models/likeModels.ts
FNF:0
FNH:0
DA:1,2
DA:8,2
DA:14,2
DA:15,2
LF:4
LH:4
BRF:0
BRH:0
end_of_record
TN:
SF:src/models/messageModel.ts
FNF:0
FNH:0
DA:1,2
DA:10,2
DA:34,2
DA:35,2
LF:4
LH:4
BRF:0
BRH:0
end_of_record
TN:
SF:src/models/userModels.ts
FNF:0
FNH:0
DA:1,2
DA:11,2
DA:37,2
DA:38,2
LF:4
LH:4
BRF:0
BRH:0
end_of_record
TN:
SF:src/routes/articleRouter.ts
FNF:0
FNH:0
DA:1,1
DA:2,1
DA:10,1
DA:11,1
DA:12,1
DA:13,1
DA:15,1
DA:17,1
DA:31,1
LF:9
LH:9
BRF:0
BRH:0
end_of_record
TN:
SF:src/routes/authRouter.ts
FNF:0
FNH:0
DA:1,1
DA:2,1
DA:12,1
DA:13,1
DA:14,1
DA:15,1
DA:20,1
DA:21,1
DA:31,1
LF:9
LH:9
BRF:0
BRH:0
end_of_record
TN:
SF:src/routes/commentRouter.ts
FNF:0
FNH:0
DA:1,1
DA:2,1
DA:7,1
DA:8,1
DA:9,1
DA:11,1
DA:13,1
DA:15,1
DA:20,1
LF:9
LH:9
BRF:0
BRH:0
end_of_record
TN:
SF:src/routes/likeRouter.ts
FNF:0
FNH:0
DA:1,1
DA:2,1
DA:3,1
DA:4,1
DA:5,1
DA:8,1
DA:10,1
DA:14,1
LF:8
LH:8
BRF:0
BRH:0
end_of_record
TN:
SF:src/routes/messageRouter.ts
FNF:0
FNH:0
DA:1,1
DA:3,1
DA:9,1
DA:10,1
DA:11,1
DA:12,1
DA:14,1
DA:16,1
DA:22,1
LF:9
LH:9
BRF:0
BRH:0
end_of_record
TN:
SF:src/routes/routes.ts
FNF:0
FNH:0
DA:1,1
DA:2,1
DA:3,1
DA:4,1
DA:5,1
DA:6,1
DA:7,1
DA:8,1
DA:11,1
DA:13,1
DA:15,1
DA:17,1
DA:19,1
DA:21,1
DA:23,1
DA:25,1
LF:16
LH:16
BRF:0
BRH:0
end_of_record
TN:
SF:src/utils/roles.ts
FNF:0
FNH:0
DA:1,1
DA:7,1
LF:2
LH:2
BRF:0
BRH:0
end_of_record
